Fold 0
Command line
python /home/ian/anaconda3/envs/ai-psychs/bin/chemprop_train --data_path data/interim/SMILES_to_Activity.csv --dataset_type classification --save_dir models/class_balance/ --class_balance
Args
{'activation': 'ReLU',
 'atom_messages': False,
 'batch_size': 50,
 'bias': False,
 'cache_cutoff': 10000,
 'checkpoint_dir': None,
 'checkpoint_path': None,
 'checkpoint_paths': None,
 'class_balance': True,
 'config_path': None,
 'crossval_index_dir': None,
 'crossval_index_file': None,
 'crossval_index_sets': None,
 'cuda': True,
 'data_path': 'data/interim/SMILES_to_Activity.csv',
 'dataset_type': 'classification',
 'depth': 3,
 'device': device(type='cuda'),
 'dropout': 0.0,
 'ensemble_size': 1,
 'epochs': 30,
 'features_generator': None,
 'features_only': False,
 'features_path': None,
 'features_scaling': True,
 'features_size': None,
 'ffn_hidden_size': 300,
 'ffn_num_layers': 2,
 'final_lr': 0.0001,
 'folds_file': None,
 'gpu': None,
 'grad_clip': None,
 'hidden_size': 300,
 'ignore_columns': None,
 'init_lr': 0.0001,
 'log_frequency': 10,
 'max_data_size': None,
 'max_lr': 0.001,
 'metric': 'auc',
 'minimize_score': False,
 'multiclass_num_classes': 3,
 'no_cuda': False,
 'no_features_scaling': False,
 'num_folds': 1,
 'num_lrs': 1,
 'num_tasks': 1,
 'num_workers': 8,
 'pytorch_seed': 0,
 'quiet': False,
 'save_dir': 'models/class_balance/fold_0',
 'save_smiles_splits': False,
 'seed': 0,
 'separate_test_features_path': None,
 'separate_test_path': None,
 'separate_val_features_path': None,
 'separate_val_path': None,
 'show_individual_scores': False,
 'smiles_column': None,
 'split_sizes': (0.8, 0.1, 0.1),
 'split_type': 'random',
 'target_columns': None,
 'task_names': ['PUBCHEM_ACTIVITY_OUTCOME'],
 'test': False,
 'test_fold_index': None,
 'train_data_size': None,
 'undirected': False,
 'use_input_features': False,
 'val_fold_index': None,
 'warmup_epochs': 2.0}
Loading data
Fold 0
Command line
python /home/ian/anaconda3/envs/ai-psychs/bin/chemprop_train --data_path data/interim/SMILES_to_Activity.csv --dataset_type classification --save_dir models/class_balance/
Args
{'activation': 'ReLU',
 'atom_messages': False,
 'batch_size': 50,
 'bias': False,
 'cache_cutoff': 10000,
 'checkpoint_dir': None,
 'checkpoint_path': None,
 'checkpoint_paths': None,
 'class_balance': False,
 'config_path': None,
 'crossval_index_dir': None,
 'crossval_index_file': None,
 'crossval_index_sets': None,
 'cuda': True,
 'data_path': 'data/interim/SMILES_to_Activity.csv',
 'dataset_type': 'classification',
 'depth': 3,
 'device': device(type='cuda'),
 'dropout': 0.0,
 'ensemble_size': 1,
 'epochs': 30,
 'features_generator': None,
 'features_only': False,
 'features_path': None,
 'features_scaling': True,
 'features_size': None,
 'ffn_hidden_size': 300,
 'ffn_num_layers': 2,
 'final_lr': 0.0001,
 'folds_file': None,
 'gpu': None,
 'grad_clip': None,
 'hidden_size': 300,
 'ignore_columns': None,
 'init_lr': 0.0001,
 'log_frequency': 10,
 'max_data_size': None,
 'max_lr': 0.001,
 'metric': 'auc',
 'minimize_score': False,
 'multiclass_num_classes': 3,
 'no_cuda': False,
 'no_features_scaling': False,
 'num_folds': 1,
 'num_lrs': 1,
 'num_tasks': 1,
 'num_workers': 8,
 'pytorch_seed': 0,
 'quiet': False,
 'save_dir': 'models/class_balance/fold_0',
 'save_smiles_splits': False,
 'seed': 0,
 'separate_test_features_path': None,
 'separate_test_path': None,
 'separate_val_features_path': None,
 'separate_val_path': None,
 'show_individual_scores': False,
 'smiles_column': None,
 'split_sizes': (0.8, 0.1, 0.1),
 'split_type': 'random',
 'target_columns': None,
 'task_names': ['PUBCHEM_ACTIVITY_OUTCOME'],
 'test': False,
 'test_fold_index': None,
 'train_data_size': None,
 'undirected': False,
 'use_input_features': False,
 'val_fold_index': None,
 'warmup_epochs': 2.0}
Loading data
Fold 0
Command line
python /home/ian/anaconda3/envs/ai-psychs/bin/chemprop_train --data_path data/interim/SMILES_to_Activity.csv --dataset_type classification --save_dir models/class_balance/ --class_balance
Args
{'activation': 'ReLU',
 'atom_messages': False,
 'batch_size': 50,
 'bias': False,
 'cache_cutoff': 10000,
 'checkpoint_dir': None,
 'checkpoint_path': None,
 'checkpoint_paths': None,
 'class_balance': True,
 'config_path': None,
 'crossval_index_dir': None,
 'crossval_index_file': None,
 'crossval_index_sets': None,
 'cuda': True,
 'data_path': 'data/interim/SMILES_to_Activity.csv',
 'dataset_type': 'classification',
 'depth': 3,
 'device': device(type='cuda'),
 'dropout': 0.0,
 'ensemble_size': 1,
 'epochs': 30,
 'features_generator': None,
 'features_only': False,
 'features_path': None,
 'features_scaling': True,
 'features_size': None,
 'ffn_hidden_size': 300,
 'ffn_num_layers': 2,
 'final_lr': 0.0001,
 'folds_file': None,
 'gpu': None,
 'grad_clip': None,
 'hidden_size': 300,
 'ignore_columns': None,
 'init_lr': 0.0001,
 'log_frequency': 10,
 'max_data_size': None,
 'max_lr': 0.001,
 'metric': 'auc',
 'minimize_score': False,
 'multiclass_num_classes': 3,
 'no_cuda': False,
 'no_features_scaling': False,
 'num_folds': 1,
 'num_lrs': 1,
 'num_tasks': 1,
 'num_workers': 8,
 'pytorch_seed': 0,
 'quiet': False,
 'save_dir': 'models/class_balance/fold_0',
 'save_smiles_splits': False,
 'seed': 0,
 'separate_test_features_path': None,
 'separate_test_path': None,
 'separate_val_features_path': None,
 'separate_val_path': None,
 'show_individual_scores': False,
 'smiles_column': None,
 'split_sizes': (0.8, 0.1, 0.1),
 'split_type': 'random',
 'target_columns': None,
 'task_names': ['PUBCHEM_ACTIVITY_OUTCOME'],
 'test': False,
 'test_fold_index': None,
 'train_data_size': None,
 'undirected': False,
 'use_input_features': False,
 'val_fold_index': None,
 'warmup_epochs': 2.0}
Loading data
Number of tasks = 1
Splitting data with seed 0
Class sizes
PUBCHEM_ACTIVITY_OUTCOME 0: 99.34%, 1: 0.66%
Total size = 364,130 | train size = 291,304 | val size = 36,413 | test size = 36,413
With class_balance, effective train size = 3,886
Building model 0
MoleculeModel(
  (sigmoid): Sigmoid()
  (encoder): MPN(
    (encoder): MPNEncoder(
      (dropout_layer): Dropout(p=0.0, inplace=False)
      (act_func): ReLU()
      (W_i): Linear(in_features=147, out_features=300, bias=False)
      (W_h): Linear(in_features=300, out_features=300, bias=False)
      (W_o): Linear(in_features=433, out_features=300, bias=True)
    )
  )
  (ffn): Sequential(
    (0): Dropout(p=0.0, inplace=False)
    (1): Linear(in_features=300, out_features=300, bias=True)
    (2): ReLU()
    (3): Dropout(p=0.0, inplace=False)
    (4): Linear(in_features=300, out_features=1, bias=True)
  )
)
Number of parameters = 354,901
Moving model to cuda
Epoch 0
Loss = 1.3844e-02, PNorm = 34.0108, GNorm = 0.1520, lr_0 = 1.0085e-04
Loss = 1.3725e-02, PNorm = 34.0120, GNorm = 0.2365, lr_0 = 1.0162e-04
Loss = 1.3750e-02, PNorm = 34.0134, GNorm = 0.1369, lr_0 = 1.0239e-04
Loss = 1.3773e-02, PNorm = 34.0143, GNorm = 0.2338, lr_0 = 1.0317e-04
Loss = 1.3587e-02, PNorm = 34.0164, GNorm = 0.2212, lr_0 = 1.0394e-04
Loss = 1.3668e-02, PNorm = 34.0177, GNorm = 0.2648, lr_0 = 1.0471e-04
Loss = 1.3843e-02, PNorm = 34.0190, GNorm = 0.2336, lr_0 = 1.0548e-04
Validation auc = 0.581917
Epoch 1
Loss = 1.3646e-02, PNorm = 34.0196, GNorm = 0.1726, lr_0 = 1.0633e-04
Loss = 1.3667e-02, PNorm = 34.0212, GNorm = 0.2910, lr_0 = 1.0711e-04
Loss = 1.3589e-02, PNorm = 34.0236, GNorm = 0.2010, lr_0 = 1.0788e-04
Loss = 1.3863e-02, PNorm = 34.0250, GNorm = 0.2485, lr_0 = 1.0865e-04
Loss = 1.3616e-02, PNorm = 34.0262, GNorm = 0.2536, lr_0 = 1.0942e-04
Loss = 1.3773e-02, PNorm = 34.0280, GNorm = 0.3418, lr_0 = 1.1020e-04
Loss = 1.3730e-02, PNorm = 34.0296, GNorm = 0.2531, lr_0 = 1.1097e-04
Loss = 1.3658e-02, PNorm = 34.0318, GNorm = 0.2562, lr_0 = 1.1174e-04
Validation auc = 0.582196
Epoch 2
Loss = 1.3422e-02, PNorm = 34.0357, GNorm = 0.2874, lr_0 = 1.1251e-04
Loss = 1.3628e-02, PNorm = 34.0391, GNorm = 0.1703, lr_0 = 1.1329e-04
Loss = 1.3646e-02, PNorm = 34.0423, GNorm = 0.2856, lr_0 = 1.1406e-04
Loss = 1.3637e-02, PNorm = 34.0466, GNorm = 0.2061, lr_0 = 1.1483e-04
Loss = 1.3665e-02, PNorm = 34.0502, GNorm = 0.2191, lr_0 = 1.1560e-04
Loss = 1.3595e-02, PNorm = 34.0534, GNorm = 0.2519, lr_0 = 1.1637e-04
Loss = 1.3392e-02, PNorm = 34.0573, GNorm = 0.3661, lr_0 = 1.1715e-04
Loss = 1.3661e-02, PNorm = 34.0615, GNorm = 0.5070, lr_0 = 1.1792e-04
Validation auc = 0.592353
Epoch 3
Loss = 1.3408e-02, PNorm = 34.0634, GNorm = 0.2756, lr_0 = 1.1869e-04
Loss = 1.3583e-02, PNorm = 34.0674, GNorm = 0.4728, lr_0 = 1.1946e-04
Loss = 1.3574e-02, PNorm = 34.0704, GNorm = 0.3007, lr_0 = 1.2024e-04
Loss = 1.3570e-02, PNorm = 34.0741, GNorm = 0.2719, lr_0 = 1.2101e-04
Loss = 1.3453e-02, PNorm = 34.0781, GNorm = 0.3529, lr_0 = 1.2178e-04
Loss = 1.3725e-02, PNorm = 34.0819, GNorm = 0.6840, lr_0 = 1.2255e-04
Loss = 1.3502e-02, PNorm = 34.0859, GNorm = 0.6118, lr_0 = 1.2333e-04
Loss = 1.3550e-02, PNorm = 34.0896, GNorm = 0.4795, lr_0 = 1.2410e-04
Loss = 1.8865e-02, PNorm = 34.0900, GNorm = 0.4554, lr_0 = 1.2418e-04
Validation auc = 0.588573
Epoch 4
Loss = 1.3360e-02, PNorm = 34.0952, GNorm = 0.3203, lr_0 = 1.2495e-04
Loss = 1.3462e-02, PNorm = 34.1010, GNorm = 0.6059, lr_0 = 1.2572e-04
Loss = 1.3683e-02, PNorm = 34.1054, GNorm = 0.8388, lr_0 = 1.2649e-04
Loss = 1.3272e-02, PNorm = 34.1097, GNorm = 0.2307, lr_0 = 1.2727e-04
Loss = 1.3364e-02, PNorm = 34.1153, GNorm = 0.3330, lr_0 = 1.2804e-04
Loss = 1.3189e-02, PNorm = 34.1207, GNorm = 0.5568, lr_0 = 1.2881e-04
Loss = 1.3170e-02, PNorm = 34.1274, GNorm = 0.4501, lr_0 = 1.2958e-04
Validation auc = 0.587458
Epoch 5
Loss = 1.3425e-02, PNorm = 34.1282, GNorm = 1.0181, lr_0 = 1.3036e-04
Loss = 1.3451e-02, PNorm = 34.1317, GNorm = 0.2549, lr_0 = 1.3113e-04
Loss = 1.3489e-02, PNorm = 34.1351, GNorm = 0.3721, lr_0 = 1.3190e-04
Loss = 1.3530e-02, PNorm = 34.1397, GNorm = 0.3591, lr_0 = 1.3267e-04
Loss = 1.3325e-02, PNorm = 34.1449, GNorm = 0.6407, lr_0 = 1.3344e-04
Loss = 1.3733e-02, PNorm = 34.1489, GNorm = 0.5881, lr_0 = 1.3422e-04
Loss = 1.3222e-02, PNorm = 34.1523, GNorm = 0.5978, lr_0 = 1.3499e-04
Loss = 1.3536e-02, PNorm = 34.1591, GNorm = 0.3752, lr_0 = 1.3576e-04
Validation auc = 0.584015
Epoch 6
Loss = 1.2947e-02, PNorm = 34.1675, GNorm = 0.3326, lr_0 = 1.3653e-04
Loss = 1.3540e-02, PNorm = 34.1746, GNorm = 0.5722, lr_0 = 1.3731e-04
Loss = 1.3498e-02, PNorm = 34.1795, GNorm = 0.2838, lr_0 = 1.3808e-04
Loss = 1.3261e-02, PNorm = 34.1843, GNorm = 0.3369, lr_0 = 1.3885e-04
Loss = 1.3464e-02, PNorm = 34.1908, GNorm = 0.5435, lr_0 = 1.3962e-04
Loss = 1.3348e-02, PNorm = 34.1985, GNorm = 0.4422, lr_0 = 1.4040e-04
Loss = 1.3479e-02, PNorm = 34.2053, GNorm = 1.2049, lr_0 = 1.4117e-04
Loss = 1.3455e-02, PNorm = 34.2086, GNorm = 0.4815, lr_0 = 1.4194e-04
Validation auc = 0.572869
Epoch 7
Loss = 1.3612e-02, PNorm = 34.2128, GNorm = 0.4478, lr_0 = 1.4271e-04
Loss = 1.3635e-02, PNorm = 34.2172, GNorm = 0.4193, lr_0 = 1.4349e-04
Loss = 1.3704e-02, PNorm = 34.2201, GNorm = 0.6059, lr_0 = 1.4426e-04
Loss = 1.3491e-02, PNorm = 34.2231, GNorm = 0.5593, lr_0 = 1.4503e-04
Loss = 1.3287e-02, PNorm = 34.2279, GNorm = 0.6876, lr_0 = 1.4580e-04
Loss = 1.3121e-02, PNorm = 34.2365, GNorm = 0.5059, lr_0 = 1.4658e-04
Loss = 1.3362e-02, PNorm = 34.2444, GNorm = 1.4330, lr_0 = 1.4735e-04
Loss = 1.3670e-02, PNorm = 34.2488, GNorm = 0.6190, lr_0 = 1.4812e-04
Validation auc = 0.602344
Epoch 8
Loss = 1.3378e-02, PNorm = 34.2521, GNorm = 0.3883, lr_0 = 1.4897e-04
Loss = 1.3408e-02, PNorm = 34.2573, GNorm = 0.4495, lr_0 = 1.4974e-04
Loss = 1.3269e-02, PNorm = 34.2641, GNorm = 0.4061, lr_0 = 1.5051e-04
Loss = 1.3275e-02, PNorm = 34.2722, GNorm = 0.8121, lr_0 = 1.5129e-04
Loss = 1.3205e-02, PNorm = 34.2780, GNorm = 0.4716, lr_0 = 1.5206e-04
Loss = 1.3175e-02, PNorm = 34.2842, GNorm = 0.2997, lr_0 = 1.5283e-04
Loss = 1.3030e-02, PNorm = 34.2928, GNorm = 0.6775, lr_0 = 1.5360e-04
Validation auc = 0.580609
Epoch 9
Loss = 1.2245e-02, PNorm = 34.3005, GNorm = 1.0626, lr_0 = 1.5438e-04
Loss = 1.3197e-02, PNorm = 34.3088, GNorm = 0.3052, lr_0 = 1.5515e-04
Loss = 1.3320e-02, PNorm = 34.3155, GNorm = 1.3089, lr_0 = 1.5592e-04
Loss = 1.3321e-02, PNorm = 34.3210, GNorm = 0.9534, lr_0 = 1.5669e-04
Loss = 1.3280e-02, PNorm = 34.3264, GNorm = 1.4398, lr_0 = 1.5747e-04
Loss = 1.3401e-02, PNorm = 34.3307, GNorm = 1.0729, lr_0 = 1.5824e-04
Loss = 1.3380e-02, PNorm = 34.3365, GNorm = 0.6613, lr_0 = 1.5901e-04
Loss = 1.3217e-02, PNorm = 34.3421, GNorm = 0.8752, lr_0 = 1.5978e-04
Validation auc = 0.599608
Epoch 10
Loss = 1.3150e-02, PNorm = 34.3470, GNorm = 1.0278, lr_0 = 1.6056e-04
Loss = 1.3409e-02, PNorm = 34.3501, GNorm = 1.1707, lr_0 = 1.6133e-04
Loss = 1.3130e-02, PNorm = 34.3566, GNorm = 0.5498, lr_0 = 1.6210e-04
Loss = 1.3405e-02, PNorm = 34.3633, GNorm = 0.7351, lr_0 = 1.6287e-04
Loss = 1.3185e-02, PNorm = 34.3698, GNorm = 0.7493, lr_0 = 1.6365e-04
Loss = 1.2889e-02, PNorm = 34.3782, GNorm = 1.1090, lr_0 = 1.6442e-04
Loss = 1.3710e-02, PNorm = 34.3793, GNorm = 0.5289, lr_0 = 1.6519e-04
Loss = 1.3367e-02, PNorm = 34.3825, GNorm = 0.4535, lr_0 = 1.6596e-04
Validation auc = 0.592618
Epoch 11
Loss = 1.3041e-02, PNorm = 34.3935, GNorm = 0.3512, lr_0 = 1.6681e-04
Loss = 1.3165e-02, PNorm = 34.4045, GNorm = 0.8206, lr_0 = 1.6758e-04
Loss = 1.3036e-02, PNorm = 34.4121, GNorm = 0.7376, lr_0 = 1.6836e-04
Loss = 1.3225e-02, PNorm = 34.4182, GNorm = 1.3798, lr_0 = 1.6913e-04
Loss = 1.3367e-02, PNorm = 34.4220, GNorm = 0.2826, lr_0 = 1.6990e-04
Loss = 1.3384e-02, PNorm = 34.4268, GNorm = 0.7878, lr_0 = 1.7067e-04
Loss = 1.3338e-02, PNorm = 34.4314, GNorm = 0.9372, lr_0 = 1.7145e-04
Loss = 1.2700e-02, PNorm = 34.4390, GNorm = 0.5574, lr_0 = 1.7222e-04
Validation auc = 0.617854
Epoch 12
Loss = 1.3606e-02, PNorm = 34.4485, GNorm = 0.8002, lr_0 = 1.7299e-04
Loss = 1.3029e-02, PNorm = 34.4554, GNorm = 0.5025, lr_0 = 1.7376e-04
Loss = 1.3139e-02, PNorm = 34.4640, GNorm = 0.7795, lr_0 = 1.7454e-04
Loss = 1.3141e-02, PNorm = 34.4705, GNorm = 0.4615, lr_0 = 1.7531e-04
Loss = 1.3017e-02, PNorm = 34.4789, GNorm = 0.5707, lr_0 = 1.7608e-04
Loss = 1.3013e-02, PNorm = 34.4871, GNorm = 0.5371, lr_0 = 1.7685e-04
Loss = 1.2672e-02, PNorm = 34.4963, GNorm = 0.7933, lr_0 = 1.7763e-04
Loss = 1.3509e-02, PNorm = 34.5047, GNorm = 0.6066, lr_0 = 1.7840e-04
Validation auc = 0.608461
Epoch 13
Loss = 1.3204e-02, PNorm = 34.5120, GNorm = 0.6332, lr_0 = 1.7917e-04
Loss = 1.3011e-02, PNorm = 34.5199, GNorm = 1.1351, lr_0 = 1.7994e-04
Loss = 1.3153e-02, PNorm = 34.5290, GNorm = 0.5176, lr_0 = 1.8072e-04
Loss = 1.3233e-02, PNorm = 34.5362, GNorm = 0.6747, lr_0 = 1.8149e-04
Loss = 1.3619e-02, PNorm = 34.5359, GNorm = 0.8818, lr_0 = 1.8226e-04
Loss = 1.3422e-02, PNorm = 34.5403, GNorm = 0.5608, lr_0 = 1.8303e-04
Loss = 1.3072e-02, PNorm = 34.5456, GNorm = 0.5152, lr_0 = 1.8381e-04
Validation auc = 0.609151
Epoch 14
Loss = 1.2869e-02, PNorm = 34.5508, GNorm = 0.5826, lr_0 = 1.8458e-04
Loss = 1.2902e-02, PNorm = 34.5576, GNorm = 1.2983, lr_0 = 1.8535e-04
Loss = 1.3200e-02, PNorm = 34.5633, GNorm = 1.0601, lr_0 = 1.8612e-04
Loss = 1.3459e-02, PNorm = 34.5646, GNorm = 0.7222, lr_0 = 1.8689e-04
Loss = 1.3475e-02, PNorm = 34.5677, GNorm = 0.4690, lr_0 = 1.8767e-04
Loss = 1.2946e-02, PNorm = 34.5745, GNorm = 0.5573, lr_0 = 1.8844e-04
Loss = 1.3127e-02, PNorm = 34.5831, GNorm = 0.5744, lr_0 = 1.8921e-04
Loss = 1.3048e-02, PNorm = 34.5921, GNorm = 0.5279, lr_0 = 1.8998e-04
Validation auc = 0.602772
Epoch 15
Loss = 1.3125e-02, PNorm = 34.6028, GNorm = 0.5525, lr_0 = 1.9083e-04
Loss = 1.3123e-02, PNorm = 34.6099, GNorm = 0.7168, lr_0 = 1.9161e-04
Loss = 1.2964e-02, PNorm = 34.6166, GNorm = 0.5524, lr_0 = 1.9238e-04
Loss = 1.3122e-02, PNorm = 34.6243, GNorm = 0.5463, lr_0 = 1.9315e-04
Loss = 1.2956e-02, PNorm = 34.6279, GNorm = 0.4203, lr_0 = 1.9392e-04
Loss = 1.3057e-02, PNorm = 34.6332, GNorm = 0.6004, lr_0 = 1.9470e-04
Loss = 1.2913e-02, PNorm = 34.6422, GNorm = 0.7306, lr_0 = 1.9547e-04
Loss = 1.3479e-02, PNorm = 34.6451, GNorm = 1.6114, lr_0 = 1.9624e-04
Validation auc = 0.594791
Epoch 16
Loss = 1.3189e-02, PNorm = 34.6527, GNorm = 0.7127, lr_0 = 1.9701e-04
Loss = 1.3022e-02, PNorm = 34.6615, GNorm = 0.4945, lr_0 = 1.9779e-04
Loss = 1.3147e-02, PNorm = 34.6678, GNorm = 0.5807, lr_0 = 1.9856e-04
Loss = 1.2796e-02, PNorm = 34.6741, GNorm = 0.8259, lr_0 = 1.9933e-04
Loss = 1.3002e-02, PNorm = 34.6811, GNorm = 0.6389, lr_0 = 2.0010e-04
Loss = 1.2894e-02, PNorm = 34.6915, GNorm = 0.3573, lr_0 = 2.0088e-04
Loss = 1.2798e-02, PNorm = 34.7000, GNorm = 1.1317, lr_0 = 2.0165e-04
Loss = 1.3012e-02, PNorm = 34.7075, GNorm = 0.4694, lr_0 = 2.0242e-04
Validation auc = 0.615532
Epoch 17
Loss = 1.3003e-02, PNorm = 34.7127, GNorm = 0.7141, lr_0 = 2.0319e-04
Loss = 1.3218e-02, PNorm = 34.7201, GNorm = 0.7729, lr_0 = 2.0396e-04
Loss = 1.3160e-02, PNorm = 34.7266, GNorm = 0.6405, lr_0 = 2.0474e-04
Loss = 1.2901e-02, PNorm = 34.7349, GNorm = 0.3732, lr_0 = 2.0551e-04
Loss = 1.3055e-02, PNorm = 34.7423, GNorm = 1.1936, lr_0 = 2.0628e-04
Loss = 1.2822e-02, PNorm = 34.7492, GNorm = 0.5485, lr_0 = 2.0705e-04
Loss = 1.3054e-02, PNorm = 34.7576, GNorm = 0.8058, lr_0 = 2.0783e-04
Validation auc = 0.599861
Epoch 18
Loss = 1.2307e-02, PNorm = 34.7667, GNorm = 0.6475, lr_0 = 2.0868e-04
Loss = 1.2944e-02, PNorm = 34.7757, GNorm = 0.7813, lr_0 = 2.0945e-04
Loss = 1.2988e-02, PNorm = 34.7844, GNorm = 0.6707, lr_0 = 2.1022e-04
Loss = 1.2994e-02, PNorm = 34.7911, GNorm = 1.5221, lr_0 = 2.1099e-04
Loss = 1.3744e-02, PNorm = 34.7946, GNorm = 1.2633, lr_0 = 2.1177e-04
Loss = 1.3035e-02, PNorm = 34.8004, GNorm = 0.9824, lr_0 = 2.1254e-04
Loss = 1.2752e-02, PNorm = 34.8126, GNorm = 0.5182, lr_0 = 2.1331e-04
Loss = 1.3030e-02, PNorm = 34.8262, GNorm = 0.5400, lr_0 = 2.1408e-04
Validation auc = 0.597675
Epoch 19
Loss = 1.3130e-02, PNorm = 34.8299, GNorm = 0.5494, lr_0 = 2.1486e-04
Loss = 1.3416e-02, PNorm = 34.8310, GNorm = 0.5131, lr_0 = 2.1563e-04
Loss = 1.3033e-02, PNorm = 34.8378, GNorm = 0.5557, lr_0 = 2.1640e-04
Loss = 1.3025e-02, PNorm = 34.8491, GNorm = 0.5753, lr_0 = 2.1717e-04
Loss = 1.2958e-02, PNorm = 34.8620, GNorm = 0.8279, lr_0 = 2.1795e-04
Loss = 1.2869e-02, PNorm = 34.8711, GNorm = 0.6939, lr_0 = 2.1872e-04
Loss = 1.2872e-02, PNorm = 34.8754, GNorm = 0.4363, lr_0 = 2.1949e-04
Loss = 1.2706e-02, PNorm = 34.8855, GNorm = 0.6870, lr_0 = 2.2026e-04
Validation auc = 0.607742
Epoch 20
Loss = 1.3240e-02, PNorm = 34.8970, GNorm = 0.7957, lr_0 = 2.2104e-04
Loss = 1.3010e-02, PNorm = 34.9068, GNorm = 1.0896, lr_0 = 2.2181e-04
Loss = 1.3124e-02, PNorm = 34.9145, GNorm = 1.0737, lr_0 = 2.2258e-04
Loss = 1.2760e-02, PNorm = 34.9237, GNorm = 1.1624, lr_0 = 2.2335e-04
Loss = 1.2810e-02, PNorm = 34.9354, GNorm = 0.7241, lr_0 = 2.2412e-04
Loss = 1.2579e-02, PNorm = 34.9479, GNorm = 0.7108, lr_0 = 2.2490e-04
Loss = 1.2725e-02, PNorm = 34.9618, GNorm = 0.6866, lr_0 = 2.2567e-04
Loss = 1.3426e-02, PNorm = 34.9685, GNorm = 0.8651, lr_0 = 2.2644e-04
Validation auc = 0.613625
Epoch 21
Loss = 1.2704e-02, PNorm = 34.9748, GNorm = 0.6663, lr_0 = 2.2721e-04
Loss = 1.2949e-02, PNorm = 34.9866, GNorm = 0.4465, lr_0 = 2.2799e-04
Loss = 1.3212e-02, PNorm = 34.9981, GNorm = 0.6049, lr_0 = 2.2876e-04
Loss = 1.2887e-02, PNorm = 35.0037, GNorm = 0.6119, lr_0 = 2.2953e-04
Loss = 1.3375e-02, PNorm = 35.0100, GNorm = 0.6184, lr_0 = 2.3030e-04
Loss = 1.3122e-02, PNorm = 35.0178, GNorm = 0.8916, lr_0 = 2.3108e-04
Loss = 1.2819e-02, PNorm = 35.0301, GNorm = 0.5425, lr_0 = 2.3185e-04
Validation auc = 0.624386
Epoch 22
Loss = 1.2921e-02, PNorm = 35.0393, GNorm = 0.4414, lr_0 = 2.3270e-04
Loss = 1.2898e-02, PNorm = 35.0464, GNorm = 0.9868, lr_0 = 2.3347e-04
Loss = 1.2737e-02, PNorm = 35.0568, GNorm = 0.7803, lr_0 = 2.3424e-04
Loss = 1.2699e-02, PNorm = 35.0672, GNorm = 0.5382, lr_0 = 2.3502e-04
Loss = 1.3318e-02, PNorm = 35.0754, GNorm = 1.1421, lr_0 = 2.3579e-04
Loss = 1.3147e-02, PNorm = 35.0815, GNorm = 0.4477, lr_0 = 2.3656e-04
Loss = 1.2683e-02, PNorm = 35.0946, GNorm = 0.6505, lr_0 = 2.3733e-04
Loss = 1.2685e-02, PNorm = 35.1109, GNorm = 0.6345, lr_0 = 2.3811e-04
Validation auc = 0.609942
Epoch 23
Loss = 1.2922e-02, PNorm = 35.1214, GNorm = 0.8012, lr_0 = 2.3888e-04
Loss = 1.2927e-02, PNorm = 35.1298, GNorm = 0.7838, lr_0 = 2.3965e-04
Loss = 1.3028e-02, PNorm = 35.1405, GNorm = 0.7150, lr_0 = 2.4042e-04
Loss = 1.2896e-02, PNorm = 35.1450, GNorm = 0.9116, lr_0 = 2.4119e-04
Loss = 1.2675e-02, PNorm = 35.1518, GNorm = 0.5665, lr_0 = 2.4197e-04
Loss = 1.2900e-02, PNorm = 35.1640, GNorm = 0.7525, lr_0 = 2.4274e-04
Loss = 1.2594e-02, PNorm = 35.1794, GNorm = 0.8275, lr_0 = 2.4351e-04
Loss = 1.3085e-02, PNorm = 35.1841, GNorm = 0.9350, lr_0 = 2.4428e-04
Validation auc = 0.623504
Epoch 24
Loss = 1.2922e-02, PNorm = 35.1931, GNorm = 0.6747, lr_0 = 2.4506e-04
Loss = 1.2795e-02, PNorm = 35.2034, GNorm = 0.6630, lr_0 = 2.4583e-04
Loss = 1.3154e-02, PNorm = 35.2117, GNorm = 1.2469, lr_0 = 2.4660e-04
Loss = 1.2993e-02, PNorm = 35.2184, GNorm = 0.5429, lr_0 = 2.4737e-04
Loss = 1.3034e-02, PNorm = 35.2255, GNorm = 1.1746, lr_0 = 2.4815e-04
Loss = 1.3220e-02, PNorm = 35.2293, GNorm = 1.0734, lr_0 = 2.4892e-04
Loss = 1.2730e-02, PNorm = 35.2423, GNorm = 1.2201, lr_0 = 2.4969e-04
Loss = 1.2850e-02, PNorm = 35.2592, GNorm = 0.5573, lr_0 = 2.5046e-04
Validation auc = 0.599054
Epoch 25
Loss = 1.3272e-02, PNorm = 35.2704, GNorm = 0.6666, lr_0 = 2.5124e-04
Loss = 1.2849e-02, PNorm = 35.2783, GNorm = 0.5787, lr_0 = 2.5201e-04
Loss = 1.2375e-02, PNorm = 35.2938, GNorm = 0.6274, lr_0 = 2.5278e-04
Loss = 1.2575e-02, PNorm = 35.3090, GNorm = 0.9589, lr_0 = 2.5355e-04
Loss = 1.2585e-02, PNorm = 35.3205, GNorm = 0.5193, lr_0 = 2.5433e-04
Loss = 1.2694e-02, PNorm = 35.3357, GNorm = 0.7567, lr_0 = 2.5510e-04
Loss = 1.3072e-02, PNorm = 35.3453, GNorm = 0.6203, lr_0 = 2.5587e-04
Loss = 1.2930e-02, PNorm = 35.3546, GNorm = 0.8822, lr_0 = 2.5664e-04
Loss = 1.8940e-02, PNorm = 35.3551, GNorm = 0.5808, lr_0 = 2.5672e-04
Validation auc = 0.614581
Epoch 26
Loss = 1.2712e-02, PNorm = 35.3631, GNorm = 0.4171, lr_0 = 2.5749e-04
Loss = 1.2545e-02, PNorm = 35.3761, GNorm = 1.5300, lr_0 = 2.5826e-04
Loss = 1.2549e-02, PNorm = 35.3899, GNorm = 1.1448, lr_0 = 2.5904e-04
Loss = 1.2853e-02, PNorm = 35.3990, GNorm = 0.7207, lr_0 = 2.5981e-04
Loss = 1.2992e-02, PNorm = 35.4042, GNorm = 0.9135, lr_0 = 2.6058e-04
Loss = 1.2989e-02, PNorm = 35.4098, GNorm = 0.7477, lr_0 = 2.6135e-04
Loss = 1.3011e-02, PNorm = 35.4155, GNorm = 0.6727, lr_0 = 2.6213e-04
Validation auc = 0.620559
Epoch 27
Loss = 1.2374e-02, PNorm = 35.4274, GNorm = 0.5405, lr_0 = 2.6290e-04
Loss = 1.2257e-02, PNorm = 35.4418, GNorm = 0.8318, lr_0 = 2.6367e-04
Loss = 1.2538e-02, PNorm = 35.4558, GNorm = 0.5909, lr_0 = 2.6444e-04
Loss = 1.2959e-02, PNorm = 35.4684, GNorm = 1.3473, lr_0 = 2.6522e-04
Loss = 1.3048e-02, PNorm = 35.4823, GNorm = 1.0101, lr_0 = 2.6599e-04
Loss = 1.2757e-02, PNorm = 35.4979, GNorm = 0.4952, lr_0 = 2.6676e-04
Loss = 1.2708e-02, PNorm = 35.5159, GNorm = 0.7200, lr_0 = 2.6753e-04
Loss = 1.2775e-02, PNorm = 35.5335, GNorm = 0.5992, lr_0 = 2.6831e-04
Validation auc = 0.617518
Epoch 28
Loss = 1.2586e-02, PNorm = 35.5447, GNorm = 0.9409, lr_0 = 2.6908e-04
Loss = 1.2530e-02, PNorm = 35.5574, GNorm = 0.9802, lr_0 = 2.6985e-04
Loss = 1.2405e-02, PNorm = 35.5770, GNorm = 1.0206, lr_0 = 2.7062e-04
Loss = 1.2858e-02, PNorm = 35.5899, GNorm = 1.2294, lr_0 = 2.7140e-04
Loss = 1.2947e-02, PNorm = 35.5959, GNorm = 0.7145, lr_0 = 2.7217e-04
Loss = 1.2927e-02, PNorm = 35.6064, GNorm = 0.7805, lr_0 = 2.7294e-04
Loss = 1.2787e-02, PNorm = 35.6134, GNorm = 0.7220, lr_0 = 2.7371e-04
Loss = 1.2598e-02, PNorm = 35.6242, GNorm = 0.8206, lr_0 = 2.7449e-04
Validation auc = 0.613750
Epoch 29
Loss = 1.2860e-02, PNorm = 35.6368, GNorm = 1.0519, lr_0 = 2.7533e-04
Loss = 1.2962e-02, PNorm = 35.6496, GNorm = 0.7946, lr_0 = 2.7611e-04
Loss = 1.2791e-02, PNorm = 35.6629, GNorm = 0.7203, lr_0 = 2.7688e-04
Loss = 1.2797e-02, PNorm = 35.6798, GNorm = 0.7693, lr_0 = 2.7765e-04
Loss = 1.2469e-02, PNorm = 35.6941, GNorm = 0.6476, lr_0 = 2.7842e-04
Loss = 1.2867e-02, PNorm = 35.7042, GNorm = 0.6963, lr_0 = 2.7920e-04
Loss = 1.2472e-02, PNorm = 35.7166, GNorm = 1.1247, lr_0 = 2.7997e-04
Loss = 1.2902e-02, PNorm = 35.7256, GNorm = 1.1446, lr_0 = 2.8074e-04
Validation auc = 0.621352
Model 0 best validation auc = 0.624386 on epoch 21
Loading pretrained parameter "encoder.encoder.cached_zero_vector".
Loading pretrained parameter "encoder.encoder.W_i.weight".
Loading pretrained parameter "encoder.encoder.W_h.weight".
Loading pretrained parameter "encoder.encoder.W_o.weight".
Loading pretrained parameter "encoder.encoder.W_o.bias".
Loading pretrained parameter "ffn.1.weight".
Loading pretrained parameter "ffn.1.bias".
Loading pretrained parameter "ffn.4.weight".
Loading pretrained parameter "ffn.4.bias".
Moving model to cuda
Model 0 test auc = 0.614006
Ensemble test auc = 0.614006
1-fold cross validation
	Seed 0 ==> test auc = 0.614006
Overall test auc = 0.614006 +/- 0.000000
Elapsed time = 0:11:56
