Command line
python /home/ian/anaconda3/envs/chemprop/bin/chemprop_train --data_path data/interim/SMILES_to_Activity.csv --dataset_type classification --batch_size 1000 --save_dir newmodels/large_batch/
Args
{'activation': 'ReLU',
 'adding_h': False,
 'aggregation': 'mean',
 'aggregation_norm': 100,
 'alternative_loss_function': None,
 'atom_descriptor_scaling': True,
 'atom_descriptors': None,
 'atom_descriptors_path': None,
 'atom_descriptors_size': 0,
 'atom_features_size': 0,
 'atom_messages': False,
 'batch_size': 1000,
 'bias': False,
 'bond_feature_scaling': True,
 'bond_features_path': None,
 'bond_features_size': 0,
 'cache_cutoff': 10000,
 'checkpoint_dir': None,
 'checkpoint_frzn': None,
 'checkpoint_path': None,
 'checkpoint_paths': None,
 'class_balance': False,
 'config_path': None,
 'crossval_index_dir': None,
 'crossval_index_file': None,
 'crossval_index_sets': None,
 'cuda': True,
 'data_path': 'data/interim/SMILES_to_Activity.csv',
 'data_weights_path': None,
 'dataset_type': 'classification',
 'depth': 3,
 'device': device(type='cuda'),
 'dropout': 0.0,
 'empty_cache': False,
 'ensemble_size': 1,
 'epochs': 30,
 'explicit_h': False,
 'extra_metrics': [],
 'features_generator': None,
 'features_only': False,
 'features_path': None,
 'features_scaling': True,
 'features_size': None,
 'ffn_hidden_size': 300,
 'ffn_num_layers': 2,
 'final_lr': 0.0001,
 'folds_file': None,
 'freeze_first_only': False,
 'frzn_ffn_layers': 0,
 'gpu': None,
 'grad_clip': None,
 'hidden_size': 300,
 'ignore_columns': None,
 'init_lr': 0.0001,
 'log_frequency': 10,
 'max_data_size': None,
 'max_lr': 0.001,
 'metric': 'auc',
 'metrics': ['auc'],
 'minimize_score': False,
 'mpn_shared': False,
 'multiclass_num_classes': 3,
 'no_atom_descriptor_scaling': False,
 'no_bond_features_scaling': False,
 'no_cache_mol': False,
 'no_cuda': False,
 'no_features_scaling': False,
 'num_folds': 1,
 'num_lrs': 1,
 'num_tasks': 1,
 'num_workers': 8,
 'number_of_molecules': 1,
 'overwrite_default_atom_features': False,
 'overwrite_default_bond_features': False,
 'phase_features_path': None,
 'pytorch_seed': 0,
 'quiet': False,
 'reaction': False,
 'reaction_mode': 'reac_diff',
 'resume_experiment': False,
 'save_dir': 'newmodels/large_batch/',
 'save_preds': False,
 'save_smiles_splits': False,
 'seed': 0,
 'separate_test_atom_descriptors_path': None,
 'separate_test_bond_features_path': None,
 'separate_test_features_path': None,
 'separate_test_path': None,
 'separate_test_phase_features_path': None,
 'separate_val_atom_descriptors_path': None,
 'separate_val_bond_features_path': None,
 'separate_val_features_path': None,
 'separate_val_path': None,
 'separate_val_phase_features_path': None,
 'show_individual_scores': False,
 'smiles_columns': ['SMILES'],
 'spectra_activation': 'exp',
 'spectra_phase_mask_path': None,
 'spectra_target_floor': 1e-08,
 'split_key_molecule': 0,
 'split_sizes': (0.8, 0.1, 0.1),
 'split_type': 'random',
 'target_columns': None,
 'target_weights': None,
 'task_names': ['PUBCHEM_ACTIVITY_OUTCOME'],
 'test': False,
 'test_fold_index': None,
 'train_data_size': None,
 'undirected': False,
 'use_input_features': False,
 'val_fold_index': None,
 'warmup_epochs': 2.0}
Setting molecule featurization parameters to default.
Loading data
Number of tasks = 1
Fold 0
Splitting data with seed 0
Class sizes
PUBCHEM_ACTIVITY_OUTCOME 0: 99.34%, 1: 0.66%
Total size = 364,130 | train size = 291,304 | val size = 36,413 | test size = 36,413
Building model 0
MoleculeModel(
  (sigmoid): Sigmoid()
  (encoder): MPN(
    (encoder): ModuleList(
      (0): MPNEncoder(
        (dropout_layer): Dropout(p=0.0, inplace=False)
        (act_func): ReLU()
        (W_i): Linear(in_features=147, out_features=300, bias=False)
        (W_h): Linear(in_features=300, out_features=300, bias=False)
        (W_o): Linear(in_features=433, out_features=300, bias=True)
      )
    )
  )
  (ffn): Sequential(
    (0): Dropout(p=0.0, inplace=False)
    (1): Linear(in_features=300, out_features=300, bias=True)
    (2): ReLU()
    (3): Dropout(p=0.0, inplace=False)
    (4): Linear(in_features=300, out_features=1, bias=True)
  )
)
Number of parameters = 355,201
Moving model to cuda
Epoch 0
Loss = 4.0836e-01, PNorm = 34.0146, GNorm = 1.5821, lr_0 = 1.1701e-04
Loss = 9.7460e-02, PNorm = 34.0236, GNorm = 0.3333, lr_0 = 1.3247e-04
Loss = 4.0250e-02, PNorm = 34.0318, GNorm = 0.0073, lr_0 = 1.4794e-04
Loss = 4.0435e-02, PNorm = 34.0350, GNorm = 0.0864, lr_0 = 1.6340e-04
Loss = 4.9958e-02, PNorm = 34.0346, GNorm = 0.1106, lr_0 = 1.7887e-04
Loss = 3.8113e-02, PNorm = 34.0333, GNorm = 0.0563, lr_0 = 1.9433e-04
Loss = 4.4703e-02, PNorm = 34.0322, GNorm = 0.0249, lr_0 = 2.0979e-04
Loss = 4.2917e-02, PNorm = 34.0322, GNorm = 0.0259, lr_0 = 2.2526e-04
Loss = 3.8390e-02, PNorm = 34.0328, GNorm = 0.0111, lr_0 = 2.4072e-04
Loss = 3.9886e-02, PNorm = 34.0332, GNorm = 0.0088, lr_0 = 2.5619e-04
Loss = 4.3191e-02, PNorm = 34.0333, GNorm = 0.0251, lr_0 = 2.7165e-04
Loss = 4.1297e-02, PNorm = 34.0335, GNorm = 0.0301, lr_0 = 2.8711e-04
Loss = 4.1713e-02, PNorm = 34.0345, GNorm = 0.0715, lr_0 = 3.0258e-04
Loss = 3.5839e-02, PNorm = 34.0353, GNorm = 0.0507, lr_0 = 3.1804e-04
Loss = 3.6375e-02, PNorm = 34.0367, GNorm = 0.0700, lr_0 = 3.3351e-04
Loss = 4.6812e-02, PNorm = 34.0365, GNorm = 0.0819, lr_0 = 3.4897e-04
Loss = 4.0976e-02, PNorm = 34.0385, GNorm = 0.0288, lr_0 = 3.6443e-04
Loss = 4.6102e-02, PNorm = 34.0403, GNorm = 0.0096, lr_0 = 3.7990e-04
Loss = 3.3908e-02, PNorm = 34.0436, GNorm = 0.0191, lr_0 = 3.9536e-04
Loss = 3.6484e-02, PNorm = 34.0455, GNorm = 0.0106, lr_0 = 4.1082e-04
Loss = 3.8403e-02, PNorm = 34.0484, GNorm = 0.0266, lr_0 = 4.2629e-04
Loss = 4.0417e-02, PNorm = 34.0526, GNorm = 0.0075, lr_0 = 4.4175e-04
Loss = 3.7056e-02, PNorm = 34.0566, GNorm = 0.0425, lr_0 = 4.5722e-04
Loss = 4.4798e-02, PNorm = 34.0575, GNorm = 0.0733, lr_0 = 4.7268e-04
Loss = 4.4897e-02, PNorm = 34.0610, GNorm = 0.0082, lr_0 = 4.8814e-04
Loss = 3.5595e-02, PNorm = 34.0664, GNorm = 0.0301, lr_0 = 5.0361e-04
Loss = 5.1699e-02, PNorm = 34.0722, GNorm = 0.1421, lr_0 = 5.1907e-04
Loss = 3.9874e-02, PNorm = 34.0794, GNorm = 0.0330, lr_0 = 5.3454e-04
Loss = 3.7485e-02, PNorm = 34.0847, GNorm = 0.0162, lr_0 = 5.5000e-04
Validation auc = 0.553794
Epoch 1
Loss = 4.2180e-02, PNorm = 34.0924, GNorm = 0.0647, lr_0 = 5.6701e-04
Loss = 2.8441e-02, PNorm = 34.1032, GNorm = 0.0429, lr_0 = 5.8247e-04
Loss = 3.0399e-02, PNorm = 34.1073, GNorm = 0.0159, lr_0 = 5.9794e-04
Loss = 4.2408e-02, PNorm = 34.1154, GNorm = 0.0258, lr_0 = 6.1340e-04
Loss = 4.3946e-02, PNorm = 34.1218, GNorm = 0.0471, lr_0 = 6.2887e-04
Loss = 4.0679e-02, PNorm = 34.1304, GNorm = 0.0657, lr_0 = 6.4433e-04
Loss = 3.9515e-02, PNorm = 34.1387, GNorm = 0.0735, lr_0 = 6.5979e-04
Loss = 3.9059e-02, PNorm = 34.1441, GNorm = 0.0171, lr_0 = 6.7526e-04
Loss = 4.2206e-02, PNorm = 34.1513, GNorm = 0.0496, lr_0 = 6.9072e-04
Loss = 3.9457e-02, PNorm = 34.1623, GNorm = 0.0095, lr_0 = 7.0619e-04
Loss = 4.0062e-02, PNorm = 34.1771, GNorm = 0.0499, lr_0 = 7.2165e-04
Loss = 4.5550e-02, PNorm = 34.1854, GNorm = 0.0323, lr_0 = 7.3711e-04
Loss = 3.6142e-02, PNorm = 34.1966, GNorm = 0.0775, lr_0 = 7.5258e-04
Loss = 3.8246e-02, PNorm = 34.2066, GNorm = 0.0467, lr_0 = 7.6804e-04
Loss = 4.2205e-02, PNorm = 34.2140, GNorm = 0.0491, lr_0 = 7.8351e-04
Loss = 4.3016e-02, PNorm = 34.2308, GNorm = 0.1394, lr_0 = 7.9897e-04
Loss = 4.5064e-02, PNorm = 34.2447, GNorm = 0.0639, lr_0 = 8.1443e-04
Loss = 4.0845e-02, PNorm = 34.2689, GNorm = 0.0540, lr_0 = 8.2990e-04
Loss = 3.8969e-02, PNorm = 34.2864, GNorm = 0.0084, lr_0 = 8.4536e-04
Loss = 4.2869e-02, PNorm = 34.3100, GNorm = 0.0299, lr_0 = 8.6082e-04
Loss = 3.9084e-02, PNorm = 34.3428, GNorm = 0.0568, lr_0 = 8.7629e-04
Loss = 4.2112e-02, PNorm = 34.3689, GNorm = 0.0346, lr_0 = 8.9175e-04
Loss = 4.5770e-02, PNorm = 34.4025, GNorm = 0.0996, lr_0 = 9.0722e-04
Loss = 4.1533e-02, PNorm = 34.4388, GNorm = 0.0951, lr_0 = 9.2268e-04
Loss = 4.1234e-02, PNorm = 34.4689, GNorm = 0.0491, lr_0 = 9.3814e-04
Loss = 3.9940e-02, PNorm = 34.4981, GNorm = 0.0125, lr_0 = 9.5361e-04
Loss = 3.9485e-02, PNorm = 34.5368, GNorm = 0.0132, lr_0 = 9.6907e-04
Loss = 4.1445e-02, PNorm = 34.5589, GNorm = 0.0452, lr_0 = 9.8454e-04
Loss = 3.7340e-02, PNorm = 34.5841, GNorm = 0.0546, lr_0 = 1.0000e-03
Validation auc = 0.587173
Epoch 2
Loss = 3.6063e-02, PNorm = 34.6240, GNorm = 0.0465, lr_0 = 9.9690e-04
Loss = 3.6478e-02, PNorm = 34.6634, GNorm = 0.1078, lr_0 = 9.9408e-04
Loss = 3.3913e-02, PNorm = 34.7146, GNorm = 0.0446, lr_0 = 9.9128e-04
Loss = 3.5638e-02, PNorm = 34.7400, GNorm = 0.0505, lr_0 = 9.8848e-04
Loss = 3.6684e-02, PNorm = 34.7554, GNorm = 0.0118, lr_0 = 9.8569e-04
Loss = 3.5087e-02, PNorm = 34.7844, GNorm = 0.0427, lr_0 = 9.8291e-04
Loss = 4.1104e-02, PNorm = 34.7952, GNorm = 0.0634, lr_0 = 9.8014e-04
Loss = 3.2977e-02, PNorm = 34.8224, GNorm = 0.0376, lr_0 = 9.7737e-04
Loss = 3.9678e-02, PNorm = 34.8430, GNorm = 0.0186, lr_0 = 9.7461e-04
Loss = 4.0704e-02, PNorm = 34.8837, GNorm = 0.0218, lr_0 = 9.7186e-04
Loss = 3.9447e-02, PNorm = 34.9309, GNorm = 0.0304, lr_0 = 9.6912e-04
Loss = 4.5301e-02, PNorm = 34.9780, GNorm = 0.0099, lr_0 = 9.6638e-04
Loss = 4.3430e-02, PNorm = 35.0125, GNorm = 0.0260, lr_0 = 9.6366e-04
Loss = 4.2813e-02, PNorm = 35.0057, GNorm = 0.0312, lr_0 = 9.6094e-04
Loss = 4.0442e-02, PNorm = 34.9972, GNorm = 0.0186, lr_0 = 9.5823e-04
Loss = 3.9272e-02, PNorm = 34.9838, GNorm = 0.0315, lr_0 = 9.5552e-04
Loss = 4.1941e-02, PNorm = 34.9834, GNorm = 0.0239, lr_0 = 9.5283e-04
Loss = 4.0654e-02, PNorm = 34.9930, GNorm = 0.0328, lr_0 = 9.5014e-04
Loss = 4.4013e-02, PNorm = 35.0234, GNorm = 0.0320, lr_0 = 9.4746e-04
Loss = 3.5560e-02, PNorm = 35.0673, GNorm = 0.0798, lr_0 = 9.4478e-04
Loss = 3.8964e-02, PNorm = 35.1301, GNorm = 0.0077, lr_0 = 9.4212e-04
Loss = 4.2452e-02, PNorm = 35.1725, GNorm = 0.1029, lr_0 = 9.3946e-04
Loss = 4.4703e-02, PNorm = 35.2104, GNorm = 0.0322, lr_0 = 9.3681e-04
Loss = 4.5287e-02, PNorm = 35.2324, GNorm = 0.0407, lr_0 = 9.3416e-04
Loss = 4.1694e-02, PNorm = 35.2764, GNorm = 0.0135, lr_0 = 9.3153e-04
Loss = 4.1757e-02, PNorm = 35.3470, GNorm = 0.0124, lr_0 = 9.2890e-04
Loss = 4.7468e-02, PNorm = 35.3650, GNorm = 0.0505, lr_0 = 9.2628e-04
Loss = 3.7306e-02, PNorm = 35.3854, GNorm = 0.0986, lr_0 = 9.2366e-04
Loss = 3.9173e-02, PNorm = 35.4109, GNorm = 0.0529, lr_0 = 9.2106e-04
Validation auc = 0.585695
Epoch 3
Loss = 4.4567e-02, PNorm = 35.4548, GNorm = 0.0791, lr_0 = 9.1820e-04
Loss = 3.8245e-02, PNorm = 35.4759, GNorm = 0.0112, lr_0 = 9.1561e-04
Loss = 4.2929e-02, PNorm = 35.5051, GNorm = 0.0117, lr_0 = 9.1302e-04
Loss = 4.2846e-02, PNorm = 35.5222, GNorm = 0.0161, lr_0 = 9.1045e-04
Loss = 3.9430e-02, PNorm = 35.5435, GNorm = 0.0177, lr_0 = 9.0788e-04
Loss = 3.0882e-02, PNorm = 35.5594, GNorm = 0.0362, lr_0 = 9.0531e-04
Loss = 3.6977e-02, PNorm = 35.5700, GNorm = 0.0208, lr_0 = 9.0276e-04
Loss = 3.9198e-02, PNorm = 35.5959, GNorm = 0.0116, lr_0 = 9.0021e-04
Loss = 3.9360e-02, PNorm = 35.6392, GNorm = 0.0325, lr_0 = 8.9767e-04
Loss = 3.1671e-02, PNorm = 35.6775, GNorm = 0.0220, lr_0 = 8.9514e-04
Loss = 4.0759e-02, PNorm = 35.6897, GNorm = 0.0485, lr_0 = 8.9261e-04
Loss = 4.2785e-02, PNorm = 35.7027, GNorm = 0.0547, lr_0 = 8.9009e-04
Loss = 4.1878e-02, PNorm = 35.7228, GNorm = 0.0253, lr_0 = 8.8758e-04
Loss = 3.7900e-02, PNorm = 35.7637, GNorm = 0.0336, lr_0 = 8.8508e-04
Loss = 4.5812e-02, PNorm = 35.8286, GNorm = 0.0699, lr_0 = 8.8258e-04
Loss = 4.0725e-02, PNorm = 35.8776, GNorm = 0.0198, lr_0 = 8.8009e-04
Loss = 4.7313e-02, PNorm = 35.9318, GNorm = 0.0497, lr_0 = 8.7760e-04
Loss = 4.3604e-02, PNorm = 35.9622, GNorm = 0.0500, lr_0 = 8.7513e-04
Loss = 4.2207e-02, PNorm = 35.9673, GNorm = 0.0483, lr_0 = 8.7266e-04
Loss = 3.5955e-02, PNorm = 36.0184, GNorm = 0.0764, lr_0 = 8.7020e-04
Loss = 3.0456e-02, PNorm = 36.0586, GNorm = 0.0087, lr_0 = 8.6774e-04
Loss = 3.9010e-02, PNorm = 36.0442, GNorm = 0.1049, lr_0 = 8.6529e-04
Loss = 3.4274e-02, PNorm = 36.0411, GNorm = 0.0778, lr_0 = 8.6285e-04
Loss = 3.5387e-02, PNorm = 36.0583, GNorm = 0.0119, lr_0 = 8.6041e-04
Loss = 3.9109e-02, PNorm = 36.0699, GNorm = 0.0712, lr_0 = 8.5799e-04
Loss = 3.9784e-02, PNorm = 36.0922, GNorm = 0.0206, lr_0 = 8.5557e-04
Loss = 3.9055e-02, PNorm = 36.1098, GNorm = 0.0437, lr_0 = 8.5315e-04
Loss = 4.2275e-02, PNorm = 36.1203, GNorm = 0.0162, lr_0 = 8.5074e-04
Loss = 4.0800e-02, PNorm = 36.1612, GNorm = 0.0216, lr_0 = 8.4834e-04
Validation auc = 0.603291
Epoch 4
Loss = 4.3525e-02, PNorm = 36.1810, GNorm = 0.0720, lr_0 = 8.4595e-04
Loss = 3.9747e-02, PNorm = 36.2066, GNorm = 0.0470, lr_0 = 8.4356e-04
Loss = 3.9707e-02, PNorm = 36.2241, GNorm = 0.0414, lr_0 = 8.4118e-04
Loss = 3.5349e-02, PNorm = 36.2511, GNorm = 0.0164, lr_0 = 8.3881e-04
Loss = 3.5579e-02, PNorm = 36.2855, GNorm = 0.0166, lr_0 = 8.3644e-04
Loss = 3.7877e-02, PNorm = 36.3268, GNorm = 0.0423, lr_0 = 8.3408e-04
Loss = 4.0728e-02, PNorm = 36.3481, GNorm = 0.0265, lr_0 = 8.3173e-04
Loss = 3.7645e-02, PNorm = 36.3666, GNorm = 0.0424, lr_0 = 8.2938e-04
Loss = 3.6629e-02, PNorm = 36.3725, GNorm = 0.0309, lr_0 = 8.2704e-04
Loss = 4.3964e-02, PNorm = 36.3854, GNorm = 0.0128, lr_0 = 8.2470e-04
Loss = 3.5166e-02, PNorm = 36.3983, GNorm = 0.0276, lr_0 = 8.2238e-04
Loss = 4.0075e-02, PNorm = 36.4262, GNorm = 0.0226, lr_0 = 8.2006e-04
Loss = 3.5127e-02, PNorm = 36.4697, GNorm = 0.0349, lr_0 = 8.1774e-04
Loss = 4.7457e-02, PNorm = 36.4644, GNorm = 0.0275, lr_0 = 8.1543e-04
Loss = 4.0634e-02, PNorm = 36.4731, GNorm = 0.0091, lr_0 = 8.1313e-04
Loss = 4.3135e-02, PNorm = 36.4935, GNorm = 0.0662, lr_0 = 8.1084e-04
Loss = 3.5001e-02, PNorm = 36.5367, GNorm = 0.0140, lr_0 = 8.0855e-04
Loss = 4.0375e-02, PNorm = 36.5738, GNorm = 0.0269, lr_0 = 8.0627e-04
Loss = 4.3263e-02, PNorm = 36.5915, GNorm = 0.0647, lr_0 = 8.0399e-04
Loss = 4.0497e-02, PNorm = 36.6212, GNorm = 0.0106, lr_0 = 8.0173e-04
Loss = 3.5740e-02, PNorm = 36.6323, GNorm = 0.0255, lr_0 = 7.9946e-04
Loss = 3.7130e-02, PNorm = 36.6553, GNorm = 0.0363, lr_0 = 7.9721e-04
Loss = 4.1636e-02, PNorm = 36.6869, GNorm = 0.0390, lr_0 = 7.9496e-04
Loss = 3.3105e-02, PNorm = 36.7230, GNorm = 0.0132, lr_0 = 7.9271e-04
Loss = 3.8265e-02, PNorm = 36.7524, GNorm = 0.0581, lr_0 = 7.9048e-04
Loss = 3.9788e-02, PNorm = 36.7788, GNorm = 0.0297, lr_0 = 7.8825e-04
Loss = 4.1837e-02, PNorm = 36.8270, GNorm = 0.0164, lr_0 = 7.8602e-04
Loss = 4.3036e-02, PNorm = 36.8618, GNorm = 0.0517, lr_0 = 7.8380e-04
Loss = 3.8564e-02, PNorm = 36.8744, GNorm = 0.0524, lr_0 = 7.8159e-04
Validation auc = 0.594605
Epoch 5
Loss = 3.3634e-02, PNorm = 36.8793, GNorm = 0.0623, lr_0 = 7.7917e-04
Loss = 4.3321e-02, PNorm = 36.8885, GNorm = 0.0366, lr_0 = 7.7697e-04
Loss = 3.2570e-02, PNorm = 36.9368, GNorm = 0.0655, lr_0 = 7.7477e-04
Loss = 4.1135e-02, PNorm = 36.9669, GNorm = 0.0168, lr_0 = 7.7259e-04
Loss = 4.0641e-02, PNorm = 37.0309, GNorm = 0.0592, lr_0 = 7.7041e-04
Loss = 3.7289e-02, PNorm = 37.0748, GNorm = 0.0210, lr_0 = 7.6823e-04
Loss = 3.5581e-02, PNorm = 37.0910, GNorm = 0.1141, lr_0 = 7.6607e-04
Loss = 3.7622e-02, PNorm = 37.1151, GNorm = 0.0156, lr_0 = 7.6390e-04
Loss = 4.1264e-02, PNorm = 37.1389, GNorm = 0.0277, lr_0 = 7.6175e-04
Loss = 3.4972e-02, PNorm = 37.1581, GNorm = 0.0126, lr_0 = 7.5960e-04
Loss = 3.5937e-02, PNorm = 37.1667, GNorm = 0.0124, lr_0 = 7.5746e-04
Loss = 4.1570e-02, PNorm = 37.1756, GNorm = 0.0744, lr_0 = 7.5532e-04
Loss = 4.1007e-02, PNorm = 37.1784, GNorm = 0.0227, lr_0 = 7.5319e-04
Loss = 3.6889e-02, PNorm = 37.1903, GNorm = 0.0214, lr_0 = 7.5106e-04
Loss = 4.0501e-02, PNorm = 37.2075, GNorm = 0.0327, lr_0 = 7.4894e-04
Loss = 4.0163e-02, PNorm = 37.2349, GNorm = 0.0228, lr_0 = 7.4683e-04
Loss = 4.9268e-02, PNorm = 37.2412, GNorm = 0.0394, lr_0 = 7.4472e-04
Loss = 3.5265e-02, PNorm = 37.2785, GNorm = 0.0579, lr_0 = 7.4262e-04
Loss = 4.4615e-02, PNorm = 37.2924, GNorm = 0.0951, lr_0 = 7.4052e-04
Loss = 3.8657e-02, PNorm = 37.3384, GNorm = 0.0762, lr_0 = 7.3843e-04
Loss = 3.8238e-02, PNorm = 37.3920, GNorm = 0.0153, lr_0 = 7.3635e-04
Loss = 3.4619e-02, PNorm = 37.4240, GNorm = 0.0148, lr_0 = 7.3427e-04
Loss = 4.1160e-02, PNorm = 37.4325, GNorm = 0.0222, lr_0 = 7.3220e-04
Loss = 4.4030e-02, PNorm = 37.4469, GNorm = 0.0396, lr_0 = 7.3013e-04
Loss = 3.6629e-02, PNorm = 37.4492, GNorm = 0.0212, lr_0 = 7.2807e-04
Loss = 3.6801e-02, PNorm = 37.4607, GNorm = 0.0232, lr_0 = 7.2602e-04
Loss = 4.0061e-02, PNorm = 37.4859, GNorm = 0.0260, lr_0 = 7.2397e-04
Loss = 3.5032e-02, PNorm = 37.5120, GNorm = 0.0669, lr_0 = 7.2193e-04
Loss = 3.7011e-02, PNorm = 37.5369, GNorm = 0.0583, lr_0 = 7.1989e-04
Validation auc = 0.620764
Epoch 6
Loss = 3.0695e-02, PNorm = 37.5705, GNorm = 0.0362, lr_0 = 7.1765e-04
Loss = 3.7270e-02, PNorm = 37.6069, GNorm = 0.0144, lr_0 = 7.1563e-04
Loss = 3.0839e-02, PNorm = 37.6305, GNorm = 0.0342, lr_0 = 7.1361e-04
Loss = 3.2725e-02, PNorm = 37.6407, GNorm = 0.0218, lr_0 = 7.1160e-04
Loss = 4.6291e-02, PNorm = 37.6337, GNorm = 0.0845, lr_0 = 7.0959e-04
Loss = 4.4648e-02, PNorm = 37.6538, GNorm = 0.0582, lr_0 = 7.0759e-04
Loss = 3.2207e-02, PNorm = 37.6651, GNorm = 0.0211, lr_0 = 7.0559e-04
Loss = 4.3542e-02, PNorm = 37.6763, GNorm = 0.0128, lr_0 = 7.0360e-04
Loss = 3.6621e-02, PNorm = 37.7196, GNorm = 0.0243, lr_0 = 7.0161e-04
Loss = 3.6103e-02, PNorm = 37.7428, GNorm = 0.0518, lr_0 = 6.9963e-04
Loss = 4.0813e-02, PNorm = 37.7659, GNorm = 0.0187, lr_0 = 6.9766e-04
Loss = 4.0707e-02, PNorm = 37.7871, GNorm = 0.0124, lr_0 = 6.9569e-04
Loss = 3.7018e-02, PNorm = 37.7939, GNorm = 0.0227, lr_0 = 6.9373e-04
Loss = 3.9440e-02, PNorm = 37.7983, GNorm = 0.0153, lr_0 = 6.9177e-04
Loss = 4.0597e-02, PNorm = 37.8173, GNorm = 0.0339, lr_0 = 6.8982e-04
Loss = 4.1545e-02, PNorm = 37.8531, GNorm = 0.0653, lr_0 = 6.8787e-04
Loss = 3.3008e-02, PNorm = 37.9047, GNorm = 0.0203, lr_0 = 6.8593e-04
Loss = 3.4979e-02, PNorm = 37.9549, GNorm = 0.0530, lr_0 = 6.8399e-04
Loss = 4.2246e-02, PNorm = 38.0172, GNorm = 0.0986, lr_0 = 6.8206e-04
Loss = 4.3368e-02, PNorm = 38.0443, GNorm = 0.0375, lr_0 = 6.8014e-04
Loss = 4.2129e-02, PNorm = 38.0712, GNorm = 0.0332, lr_0 = 6.7822e-04
Loss = 4.2722e-02, PNorm = 38.0930, GNorm = 0.0285, lr_0 = 6.7630e-04
Loss = 3.5667e-02, PNorm = 38.1154, GNorm = 0.0140, lr_0 = 6.7440e-04
Loss = 3.1890e-02, PNorm = 38.1336, GNorm = 0.0201, lr_0 = 6.7249e-04
Loss = 3.9305e-02, PNorm = 38.1461, GNorm = 0.0381, lr_0 = 6.7060e-04
Loss = 3.6438e-02, PNorm = 38.1766, GNorm = 0.0458, lr_0 = 6.6870e-04
Loss = 3.7459e-02, PNorm = 38.2356, GNorm = 0.0131, lr_0 = 6.6682e-04
Loss = 4.1573e-02, PNorm = 38.2781, GNorm = 0.0120, lr_0 = 6.6493e-04
Loss = 3.9580e-02, PNorm = 38.3050, GNorm = 0.0463, lr_0 = 6.6306e-04
Validation auc = 0.618004
Epoch 7
Loss = 6.2151e-02, PNorm = 38.3248, GNorm = 0.0530, lr_0 = 6.6119e-04
Loss = 3.8329e-02, PNorm = 38.3672, GNorm = 0.0140, lr_0 = 6.5932e-04
Loss = 4.2673e-02, PNorm = 38.3996, GNorm = 0.0199, lr_0 = 6.5746e-04
Loss = 3.6013e-02, PNorm = 38.4274, GNorm = 0.0368, lr_0 = 6.5560e-04
Loss = 3.4803e-02, PNorm = 38.4573, GNorm = 0.0369, lr_0 = 6.5375e-04
Loss = 3.1359e-02, PNorm = 38.4785, GNorm = 0.0271, lr_0 = 6.5191e-04
Loss = 3.7577e-02, PNorm = 38.4824, GNorm = 0.0618, lr_0 = 6.5007e-04
Loss = 3.5055e-02, PNorm = 38.5019, GNorm = 0.0244, lr_0 = 6.4824e-04
Loss = 3.9804e-02, PNorm = 38.5146, GNorm = 0.0371, lr_0 = 6.4641e-04
Loss = 4.0782e-02, PNorm = 38.5462, GNorm = 0.0179, lr_0 = 6.4458e-04
Loss = 3.6221e-02, PNorm = 38.5696, GNorm = 0.0584, lr_0 = 6.4276e-04
Loss = 4.2796e-02, PNorm = 38.5742, GNorm = 0.0163, lr_0 = 6.4095e-04
Loss = 3.5620e-02, PNorm = 38.5982, GNorm = 0.0182, lr_0 = 6.3914e-04
Loss = 3.9377e-02, PNorm = 38.6150, GNorm = 0.0700, lr_0 = 6.3734e-04
Loss = 4.1049e-02, PNorm = 38.6584, GNorm = 0.0323, lr_0 = 6.3554e-04
Loss = 3.8458e-02, PNorm = 38.6939, GNorm = 0.0195, lr_0 = 6.3375e-04
Loss = 3.5707e-02, PNorm = 38.7307, GNorm = 0.0138, lr_0 = 6.3196e-04
Loss = 3.3229e-02, PNorm = 38.7557, GNorm = 0.0144, lr_0 = 6.3017e-04
Loss = 4.0209e-02, PNorm = 38.7766, GNorm = 0.0399, lr_0 = 6.2839e-04
Loss = 3.8118e-02, PNorm = 38.8045, GNorm = 0.0096, lr_0 = 6.2662e-04
Loss = 3.7045e-02, PNorm = 38.8220, GNorm = 0.0390, lr_0 = 6.2485e-04
Loss = 4.0580e-02, PNorm = 38.8573, GNorm = 0.0173, lr_0 = 6.2309e-04
Loss = 4.6001e-02, PNorm = 38.8806, GNorm = 0.0308, lr_0 = 6.2133e-04
Loss = 4.1855e-02, PNorm = 38.9078, GNorm = 0.0168, lr_0 = 6.1958e-04
Loss = 2.8704e-02, PNorm = 38.9328, GNorm = 0.0110, lr_0 = 6.1783e-04
Loss = 4.0547e-02, PNorm = 38.9443, GNorm = 0.0252, lr_0 = 6.1609e-04
Loss = 4.2882e-02, PNorm = 38.9735, GNorm = 0.0574, lr_0 = 6.1435e-04
Loss = 3.6490e-02, PNorm = 39.0089, GNorm = 0.0453, lr_0 = 6.1261e-04
Loss = 4.2914e-02, PNorm = 39.0213, GNorm = 0.0225, lr_0 = 6.1089e-04
Loss = 3.7894e-02, PNorm = 39.0389, GNorm = 0.0267, lr_0 = 6.0916e-04
Loss = 2.8024e-02, PNorm = 39.0438, GNorm = 0.0302, lr_0 = 6.0899e-04
Validation auc = 0.621356
Epoch 8
Loss = 3.7069e-02, PNorm = 39.0724, GNorm = 0.0160, lr_0 = 6.0727e-04
Loss = 4.4624e-02, PNorm = 39.1244, GNorm = 0.0217, lr_0 = 6.0556e-04
Loss = 3.8092e-02, PNorm = 39.1527, GNorm = 0.0279, lr_0 = 6.0385e-04
Loss = 4.0520e-02, PNorm = 39.1742, GNorm = 0.0316, lr_0 = 6.0214e-04
Loss = 3.8611e-02, PNorm = 39.2127, GNorm = 0.0417, lr_0 = 6.0045e-04
Loss = 3.7955e-02, PNorm = 39.2480, GNorm = 0.0455, lr_0 = 5.9875e-04
Loss = 3.6132e-02, PNorm = 39.2754, GNorm = 0.0329, lr_0 = 5.9706e-04
Loss = 3.9071e-02, PNorm = 39.2941, GNorm = 0.0171, lr_0 = 5.9538e-04
Loss = 3.2046e-02, PNorm = 39.3149, GNorm = 0.0283, lr_0 = 5.9370e-04
Loss = 3.6591e-02, PNorm = 39.3334, GNorm = 0.0188, lr_0 = 5.9202e-04
Loss = 4.0567e-02, PNorm = 39.3535, GNorm = 0.0184, lr_0 = 5.9035e-04
Loss = 3.5796e-02, PNorm = 39.3666, GNorm = 0.0157, lr_0 = 5.8868e-04
Loss = 3.2959e-02, PNorm = 39.3977, GNorm = 0.0156, lr_0 = 5.8702e-04
Loss = 3.7748e-02, PNorm = 39.4110, GNorm = 0.0203, lr_0 = 5.8537e-04
Loss = 3.4493e-02, PNorm = 39.4321, GNorm = 0.0352, lr_0 = 5.8371e-04
Loss = 4.1874e-02, PNorm = 39.4347, GNorm = 0.0263, lr_0 = 5.8207e-04
Loss = 4.0643e-02, PNorm = 39.4647, GNorm = 0.0214, lr_0 = 5.8042e-04
Loss = 4.2437e-02, PNorm = 39.4816, GNorm = 0.0144, lr_0 = 5.7879e-04
Loss = 3.8990e-02, PNorm = 39.4910, GNorm = 0.0145, lr_0 = 5.7715e-04
Loss = 3.2232e-02, PNorm = 39.5111, GNorm = 0.0447, lr_0 = 5.7552e-04
Loss = 4.0862e-02, PNorm = 39.5255, GNorm = 0.0247, lr_0 = 5.7390e-04
Loss = 4.1526e-02, PNorm = 39.5459, GNorm = 0.0314, lr_0 = 5.7228e-04
Loss = 3.5250e-02, PNorm = 39.5618, GNorm = 0.0139, lr_0 = 5.7067e-04
Loss = 3.8467e-02, PNorm = 39.5853, GNorm = 0.0199, lr_0 = 5.6906e-04
Loss = 3.6992e-02, PNorm = 39.6284, GNorm = 0.0223, lr_0 = 5.6745e-04
Loss = 3.5523e-02, PNorm = 39.6548, GNorm = 0.0417, lr_0 = 5.6585e-04
Loss = 3.7829e-02, PNorm = 39.6812, GNorm = 0.0301, lr_0 = 5.6425e-04
Loss = 3.9056e-02, PNorm = 39.7011, GNorm = 0.0251, lr_0 = 5.6266e-04
Loss = 4.2210e-02, PNorm = 39.7186, GNorm = 0.0365, lr_0 = 5.6107e-04
Validation auc = 0.615851
Epoch 9
Loss = 3.7196e-02, PNorm = 39.7449, GNorm = 0.0275, lr_0 = 5.5933e-04
Loss = 4.4545e-02, PNorm = 39.7694, GNorm = 0.0509, lr_0 = 5.5775e-04
Loss = 4.4998e-02, PNorm = 39.8117, GNorm = 0.0550, lr_0 = 5.5618e-04
Loss = 3.1515e-02, PNorm = 39.8535, GNorm = 0.0290, lr_0 = 5.5461e-04
Loss = 2.9600e-02, PNorm = 39.8903, GNorm = 0.0216, lr_0 = 5.5304e-04
Loss = 3.6715e-02, PNorm = 39.9230, GNorm = 0.0178, lr_0 = 5.5148e-04
Loss = 3.5336e-02, PNorm = 39.9558, GNorm = 0.0729, lr_0 = 5.4993e-04
Loss = 3.6571e-02, PNorm = 39.9659, GNorm = 0.0213, lr_0 = 5.4837e-04
Loss = 4.6120e-02, PNorm = 39.9692, GNorm = 0.0374, lr_0 = 5.4683e-04
Loss = 3.8126e-02, PNorm = 39.9983, GNorm = 0.0147, lr_0 = 5.4528e-04
Loss = 3.4137e-02, PNorm = 40.0101, GNorm = 0.0216, lr_0 = 5.4374e-04
Loss = 4.1337e-02, PNorm = 40.0271, GNorm = 0.0276, lr_0 = 5.4221e-04
Loss = 3.5693e-02, PNorm = 40.0649, GNorm = 0.0246, lr_0 = 5.4068e-04
Loss = 3.5143e-02, PNorm = 40.0904, GNorm = 0.0481, lr_0 = 5.3915e-04
Loss = 3.7274e-02, PNorm = 40.1204, GNorm = 0.0251, lr_0 = 5.3763e-04
Loss = 3.8692e-02, PNorm = 40.1341, GNorm = 0.0222, lr_0 = 5.3612e-04
Loss = 4.2408e-02, PNorm = 40.1541, GNorm = 0.0530, lr_0 = 5.3460e-04
Loss = 4.6404e-02, PNorm = 40.1598, GNorm = 0.0273, lr_0 = 5.3309e-04
Loss = 3.3710e-02, PNorm = 40.1834, GNorm = 0.0401, lr_0 = 5.3159e-04
Loss = 4.4292e-02, PNorm = 40.1985, GNorm = 0.0802, lr_0 = 5.3009e-04
Loss = 3.4925e-02, PNorm = 40.2452, GNorm = 0.0129, lr_0 = 5.2859e-04
Loss = 3.8806e-02, PNorm = 40.2624, GNorm = 0.0312, lr_0 = 5.2710e-04
Loss = 3.1070e-02, PNorm = 40.2886, GNorm = 0.0131, lr_0 = 5.2561e-04
Loss = 3.7940e-02, PNorm = 40.2805, GNorm = 0.0157, lr_0 = 5.2413e-04
Loss = 3.6540e-02, PNorm = 40.2954, GNorm = 0.0124, lr_0 = 5.2265e-04
Loss = 3.9822e-02, PNorm = 40.3051, GNorm = 0.0252, lr_0 = 5.2118e-04
Loss = 3.1509e-02, PNorm = 40.3368, GNorm = 0.0188, lr_0 = 5.1971e-04
Loss = 3.7226e-02, PNorm = 40.3539, GNorm = 0.0625, lr_0 = 5.1824e-04
Loss = 3.7594e-02, PNorm = 40.3728, GNorm = 0.0211, lr_0 = 5.1678e-04
Validation auc = 0.638632
Epoch 10
Loss = 3.6048e-02, PNorm = 40.3896, GNorm = 0.0209, lr_0 = 5.1532e-04
Loss = 3.1501e-02, PNorm = 40.4123, GNorm = 0.0364, lr_0 = 5.1387e-04
Loss = 3.3827e-02, PNorm = 40.4139, GNorm = 0.0500, lr_0 = 5.1242e-04
Loss = 4.1322e-02, PNorm = 40.4418, GNorm = 0.0183, lr_0 = 5.1097e-04
Loss = 4.0635e-02, PNorm = 40.4576, GNorm = 0.0257, lr_0 = 5.0953e-04
Loss = 3.5181e-02, PNorm = 40.4902, GNorm = 0.0664, lr_0 = 5.0809e-04
Loss = 3.3295e-02, PNorm = 40.5155, GNorm = 0.0685, lr_0 = 5.0666e-04
Loss = 3.6966e-02, PNorm = 40.5428, GNorm = 0.0285, lr_0 = 5.0523e-04
Loss = 3.5587e-02, PNorm = 40.5743, GNorm = 0.0184, lr_0 = 5.0380e-04
Loss = 3.9776e-02, PNorm = 40.6001, GNorm = 0.0312, lr_0 = 5.0238e-04
Loss = 3.9420e-02, PNorm = 40.6208, GNorm = 0.0311, lr_0 = 5.0096e-04
Loss = 4.0927e-02, PNorm = 40.6516, GNorm = 0.0319, lr_0 = 4.9955e-04
Loss = 3.6405e-02, PNorm = 40.6788, GNorm = 0.0227, lr_0 = 4.9814e-04
Loss = 3.6198e-02, PNorm = 40.7042, GNorm = 0.0252, lr_0 = 4.9673e-04
Loss = 4.2181e-02, PNorm = 40.7162, GNorm = 0.0404, lr_0 = 4.9533e-04
Loss = 3.4169e-02, PNorm = 40.7375, GNorm = 0.0332, lr_0 = 4.9393e-04
Loss = 3.6128e-02, PNorm = 40.7617, GNorm = 0.0377, lr_0 = 4.9254e-04
Loss = 4.1626e-02, PNorm = 40.7712, GNorm = 0.0433, lr_0 = 4.9115e-04
Loss = 4.1563e-02, PNorm = 40.7757, GNorm = 0.0167, lr_0 = 4.8976e-04
Loss = 4.5066e-02, PNorm = 40.7845, GNorm = 0.0226, lr_0 = 4.8838e-04
Loss = 3.0937e-02, PNorm = 40.8110, GNorm = 0.0319, lr_0 = 4.8700e-04
Loss = 3.1251e-02, PNorm = 40.8213, GNorm = 0.0229, lr_0 = 4.8563e-04
Loss = 3.3218e-02, PNorm = 40.8381, GNorm = 0.0229, lr_0 = 4.8426e-04
Loss = 3.4661e-02, PNorm = 40.8586, GNorm = 0.0636, lr_0 = 4.8289e-04
Loss = 4.7882e-02, PNorm = 40.8800, GNorm = 0.0325, lr_0 = 4.8153e-04
Loss = 3.7931e-02, PNorm = 40.9166, GNorm = 0.0125, lr_0 = 4.8017e-04
Loss = 4.2784e-02, PNorm = 40.9291, GNorm = 0.0201, lr_0 = 4.7881e-04
Loss = 4.1888e-02, PNorm = 40.9569, GNorm = 0.0616, lr_0 = 4.7746e-04
Loss = 3.7546e-02, PNorm = 40.9732, GNorm = 0.0226, lr_0 = 4.7612e-04
Validation auc = 0.621436
Epoch 11
Loss = 4.1523e-02, PNorm = 40.9855, GNorm = 0.0515, lr_0 = 4.7464e-04
Loss = 3.6074e-02, PNorm = 40.9971, GNorm = 0.0301, lr_0 = 4.7330e-04
Loss = 3.9522e-02, PNorm = 41.0209, GNorm = 0.0242, lr_0 = 4.7196e-04
Loss = 3.4878e-02, PNorm = 41.0487, GNorm = 0.0128, lr_0 = 4.7063e-04
Loss = 3.2481e-02, PNorm = 41.0663, GNorm = 0.0369, lr_0 = 4.6930e-04
Loss = 3.5884e-02, PNorm = 41.0795, GNorm = 0.0432, lr_0 = 4.6798e-04
Loss = 3.6550e-02, PNorm = 41.1055, GNorm = 0.0440, lr_0 = 4.6666e-04
Loss = 3.4596e-02, PNorm = 41.1331, GNorm = 0.0277, lr_0 = 4.6534e-04
Loss = 4.1372e-02, PNorm = 41.1427, GNorm = 0.0333, lr_0 = 4.6403e-04
Loss = 4.0277e-02, PNorm = 41.1641, GNorm = 0.0550, lr_0 = 4.6272e-04
Loss = 4.2128e-02, PNorm = 41.1671, GNorm = 0.0349, lr_0 = 4.6141e-04
Loss = 3.9264e-02, PNorm = 41.1780, GNorm = 0.0193, lr_0 = 4.6011e-04
Loss = 4.1953e-02, PNorm = 41.1836, GNorm = 0.0742, lr_0 = 4.5881e-04
Loss = 3.3733e-02, PNorm = 41.2145, GNorm = 0.0499, lr_0 = 4.5752e-04
Loss = 3.6010e-02, PNorm = 41.2303, GNorm = 0.0272, lr_0 = 4.5623e-04
Loss = 3.5711e-02, PNorm = 41.2587, GNorm = 0.0146, lr_0 = 4.5494e-04
Loss = 3.5107e-02, PNorm = 41.2647, GNorm = 0.0157, lr_0 = 4.5365e-04
Loss = 4.1209e-02, PNorm = 41.2749, GNorm = 0.0739, lr_0 = 4.5237e-04
Loss = 3.6559e-02, PNorm = 41.3093, GNorm = 0.0227, lr_0 = 4.5110e-04
Loss = 4.4678e-02, PNorm = 41.3288, GNorm = 0.0548, lr_0 = 4.4983e-04
Loss = 4.0528e-02, PNorm = 41.3577, GNorm = 0.0223, lr_0 = 4.4856e-04
Loss = 3.4912e-02, PNorm = 41.3794, GNorm = 0.0448, lr_0 = 4.4729e-04
Loss = 3.5659e-02, PNorm = 41.4004, GNorm = 0.0373, lr_0 = 4.4603e-04
Loss = 3.5043e-02, PNorm = 41.4119, GNorm = 0.0412, lr_0 = 4.4477e-04
Loss = 3.9206e-02, PNorm = 41.4393, GNorm = 0.0361, lr_0 = 4.4351e-04
Loss = 2.9873e-02, PNorm = 41.4685, GNorm = 0.0640, lr_0 = 4.4226e-04
Loss = 3.5421e-02, PNorm = 41.4798, GNorm = 0.0207, lr_0 = 4.4101e-04
Loss = 4.0338e-02, PNorm = 41.4925, GNorm = 0.0371, lr_0 = 4.3977e-04
Loss = 4.0555e-02, PNorm = 41.5048, GNorm = 0.0332, lr_0 = 4.3853e-04
Validation auc = 0.633630
Epoch 12
Loss = 3.9686e-02, PNorm = 41.5225, GNorm = 0.0337, lr_0 = 4.3717e-04
Loss = 4.0481e-02, PNorm = 41.5487, GNorm = 0.0431, lr_0 = 4.3593e-04
Loss = 3.4150e-02, PNorm = 41.5838, GNorm = 0.0221, lr_0 = 4.3470e-04
Loss = 4.3096e-02, PNorm = 41.6062, GNorm = 0.0402, lr_0 = 4.3348e-04
Loss = 3.9868e-02, PNorm = 41.6331, GNorm = 0.0303, lr_0 = 4.3225e-04
Loss = 3.2512e-02, PNorm = 41.6522, GNorm = 0.0292, lr_0 = 4.3103e-04
Loss = 3.3773e-02, PNorm = 41.6623, GNorm = 0.0254, lr_0 = 4.2982e-04
Loss = 4.2353e-02, PNorm = 41.6645, GNorm = 0.0402, lr_0 = 4.2860e-04
Loss = 3.4270e-02, PNorm = 41.6977, GNorm = 0.0293, lr_0 = 4.2740e-04
Loss = 3.3107e-02, PNorm = 41.7185, GNorm = 0.0178, lr_0 = 4.2619e-04
Loss = 3.9400e-02, PNorm = 41.7329, GNorm = 0.0408, lr_0 = 4.2499e-04
Loss = 4.3518e-02, PNorm = 41.7421, GNorm = 0.0472, lr_0 = 4.2379e-04
Loss = 3.2083e-02, PNorm = 41.7536, GNorm = 0.0240, lr_0 = 4.2259e-04
Loss = 3.7125e-02, PNorm = 41.7728, GNorm = 0.0815, lr_0 = 4.2140e-04
Loss = 4.2757e-02, PNorm = 41.7861, GNorm = 0.0439, lr_0 = 4.2021e-04
Loss = 3.3065e-02, PNorm = 41.8183, GNorm = 0.0342, lr_0 = 4.1902e-04
Loss = 4.5627e-02, PNorm = 41.8308, GNorm = 0.0617, lr_0 = 4.1784e-04
Loss = 4.3368e-02, PNorm = 41.8544, GNorm = 0.0298, lr_0 = 4.1666e-04
Loss = 3.4050e-02, PNorm = 41.8672, GNorm = 0.0505, lr_0 = 4.1549e-04
Loss = 3.7164e-02, PNorm = 41.8769, GNorm = 0.0324, lr_0 = 4.1431e-04
Loss = 3.2672e-02, PNorm = 41.8931, GNorm = 0.0186, lr_0 = 4.1314e-04
Loss = 3.7675e-02, PNorm = 41.9031, GNorm = 0.0186, lr_0 = 4.1198e-04
Loss = 3.3947e-02, PNorm = 41.9182, GNorm = 0.0326, lr_0 = 4.1082e-04
Loss = 3.6558e-02, PNorm = 41.9321, GNorm = 0.0675, lr_0 = 4.0966e-04
Loss = 3.9726e-02, PNorm = 41.9489, GNorm = 0.0584, lr_0 = 4.0850e-04
Loss = 3.4427e-02, PNorm = 41.9635, GNorm = 0.0189, lr_0 = 4.0735e-04
Loss = 3.8807e-02, PNorm = 41.9745, GNorm = 0.0145, lr_0 = 4.0620e-04
Loss = 2.7298e-02, PNorm = 41.9937, GNorm = 0.0245, lr_0 = 4.0505e-04
Loss = 4.1909e-02, PNorm = 42.0009, GNorm = 0.0227, lr_0 = 4.0391e-04
Validation auc = 0.630043
Epoch 13
Loss = 2.9613e-02, PNorm = 42.0255, GNorm = 0.0255, lr_0 = 4.0266e-04
Loss = 3.5395e-02, PNorm = 42.0395, GNorm = 0.0176, lr_0 = 4.0152e-04
Loss = 3.9985e-02, PNorm = 42.0606, GNorm = 0.0165, lr_0 = 4.0039e-04
Loss = 3.3632e-02, PNorm = 42.0742, GNorm = 0.0451, lr_0 = 3.9926e-04
Loss = 3.9872e-02, PNorm = 42.0804, GNorm = 0.0382, lr_0 = 3.9813e-04
Loss = 3.6426e-02, PNorm = 42.0995, GNorm = 0.0285, lr_0 = 3.9701e-04
Loss = 4.1574e-02, PNorm = 42.1193, GNorm = 0.0639, lr_0 = 3.9589e-04
Loss = 3.8447e-02, PNorm = 42.1442, GNorm = 0.0321, lr_0 = 3.9477e-04
Loss = 3.1574e-02, PNorm = 42.1563, GNorm = 0.0182, lr_0 = 3.9365e-04
Loss = 3.7165e-02, PNorm = 42.1720, GNorm = 0.0180, lr_0 = 3.9254e-04
Loss = 3.7497e-02, PNorm = 42.1832, GNorm = 0.0244, lr_0 = 3.9144e-04
Loss = 3.0849e-02, PNorm = 42.2027, GNorm = 0.0197, lr_0 = 3.9033e-04
Loss = 3.9328e-02, PNorm = 42.2147, GNorm = 0.0312, lr_0 = 3.8923e-04
Loss = 3.6878e-02, PNorm = 42.2349, GNorm = 0.0266, lr_0 = 3.8813e-04
Loss = 3.9753e-02, PNorm = 42.2498, GNorm = 0.0235, lr_0 = 3.8704e-04
Loss = 3.8963e-02, PNorm = 42.2670, GNorm = 0.0453, lr_0 = 3.8594e-04
Loss = 3.7956e-02, PNorm = 42.2811, GNorm = 0.0180, lr_0 = 3.8485e-04
Loss = 3.6649e-02, PNorm = 42.2913, GNorm = 0.0212, lr_0 = 3.8377e-04
Loss = 3.2719e-02, PNorm = 42.3035, GNorm = 0.0205, lr_0 = 3.8269e-04
Loss = 3.9667e-02, PNorm = 42.3115, GNorm = 0.0178, lr_0 = 3.8161e-04
Loss = 3.3792e-02, PNorm = 42.3361, GNorm = 0.0175, lr_0 = 3.8053e-04
Loss = 3.9893e-02, PNorm = 42.3454, GNorm = 0.0280, lr_0 = 3.7946e-04
Loss = 4.3152e-02, PNorm = 42.3617, GNorm = 0.0248, lr_0 = 3.7838e-04
Loss = 3.3036e-02, PNorm = 42.3826, GNorm = 0.0238, lr_0 = 3.7732e-04
Loss = 3.7428e-02, PNorm = 42.3929, GNorm = 0.0190, lr_0 = 3.7625e-04
Loss = 3.6183e-02, PNorm = 42.4238, GNorm = 0.0430, lr_0 = 3.7519e-04
Loss = 4.1198e-02, PNorm = 42.4382, GNorm = 0.0297, lr_0 = 3.7413e-04
Loss = 3.5165e-02, PNorm = 42.4527, GNorm = 0.0311, lr_0 = 3.7308e-04
Loss = 3.4622e-02, PNorm = 42.4703, GNorm = 0.0170, lr_0 = 3.7202e-04
Validation auc = 0.644887
Epoch 14
Loss = 4.9177e-02, PNorm = 42.4825, GNorm = 0.0334, lr_0 = 3.7097e-04
Loss = 3.6317e-02, PNorm = 42.5087, GNorm = 0.0219, lr_0 = 3.6993e-04
Loss = 4.2671e-02, PNorm = 42.5229, GNorm = 0.0565, lr_0 = 3.6888e-04
Loss = 3.8852e-02, PNorm = 42.5496, GNorm = 0.0202, lr_0 = 3.6784e-04
Loss = 3.4468e-02, PNorm = 42.5669, GNorm = 0.0663, lr_0 = 3.6680e-04
Loss = 3.1621e-02, PNorm = 42.5803, GNorm = 0.0274, lr_0 = 3.6577e-04
Loss = 3.0316e-02, PNorm = 42.6020, GNorm = 0.0235, lr_0 = 3.6474e-04
Loss = 3.3413e-02, PNorm = 42.6146, GNorm = 0.0385, lr_0 = 3.6371e-04
Loss = 3.7029e-02, PNorm = 42.6248, GNorm = 0.0185, lr_0 = 3.6268e-04
Loss = 3.8405e-02, PNorm = 42.6368, GNorm = 0.0462, lr_0 = 3.6166e-04
Loss = 4.0115e-02, PNorm = 42.6527, GNorm = 0.0227, lr_0 = 3.6064e-04
Loss = 4.3002e-02, PNorm = 42.6638, GNorm = 0.0403, lr_0 = 3.5962e-04
Loss = 3.8880e-02, PNorm = 42.6742, GNorm = 0.0295, lr_0 = 3.5860e-04
Loss = 3.7483e-02, PNorm = 42.6971, GNorm = 0.0287, lr_0 = 3.5759e-04
Loss = 3.8293e-02, PNorm = 42.7184, GNorm = 0.0335, lr_0 = 3.5658e-04
Loss = 3.9352e-02, PNorm = 42.7329, GNorm = 0.0343, lr_0 = 3.5558e-04
Loss = 3.3564e-02, PNorm = 42.7450, GNorm = 0.0220, lr_0 = 3.5457e-04
Loss = 3.0432e-02, PNorm = 42.7596, GNorm = 0.0212, lr_0 = 3.5357e-04
Loss = 3.0815e-02, PNorm = 42.7677, GNorm = 0.0241, lr_0 = 3.5257e-04
Loss = 3.9117e-02, PNorm = 42.7677, GNorm = 0.0298, lr_0 = 3.5158e-04
Loss = 4.2862e-02, PNorm = 42.7713, GNorm = 0.0335, lr_0 = 3.5059e-04
Loss = 3.8872e-02, PNorm = 42.7909, GNorm = 0.0235, lr_0 = 3.4960e-04
Loss = 3.8434e-02, PNorm = 42.8015, GNorm = 0.0255, lr_0 = 3.4861e-04
Loss = 3.9364e-02, PNorm = 42.8144, GNorm = 0.0362, lr_0 = 3.4763e-04
Loss = 3.4013e-02, PNorm = 42.8512, GNorm = 0.0456, lr_0 = 3.4665e-04
Loss = 3.4979e-02, PNorm = 42.8816, GNorm = 0.0321, lr_0 = 3.4567e-04
Loss = 3.7417e-02, PNorm = 42.8952, GNorm = 0.0200, lr_0 = 3.4469e-04
Loss = 3.5597e-02, PNorm = 42.9087, GNorm = 0.0315, lr_0 = 3.4372e-04
Loss = 3.6296e-02, PNorm = 42.9240, GNorm = 0.0167, lr_0 = 3.4275e-04
Validation auc = 0.614787
Epoch 15
Loss = 2.1041e-02, PNorm = 42.9326, GNorm = 0.0341, lr_0 = 3.4169e-04
Loss = 3.2861e-02, PNorm = 42.9429, GNorm = 0.0220, lr_0 = 3.4072e-04
Loss = 3.8987e-02, PNorm = 42.9533, GNorm = 0.0234, lr_0 = 3.3976e-04
Loss = 3.4376e-02, PNorm = 42.9683, GNorm = 0.0255, lr_0 = 3.3880e-04
Loss = 3.1437e-02, PNorm = 42.9803, GNorm = 0.0274, lr_0 = 3.3785e-04
Loss = 3.5787e-02, PNorm = 42.9938, GNorm = 0.0295, lr_0 = 3.3689e-04
Loss = 3.4097e-02, PNorm = 43.0126, GNorm = 0.0193, lr_0 = 3.3594e-04
Loss = 3.9957e-02, PNorm = 43.0191, GNorm = 0.0260, lr_0 = 3.3499e-04
Loss = 3.4302e-02, PNorm = 43.0337, GNorm = 0.0359, lr_0 = 3.3405e-04
Loss = 3.5737e-02, PNorm = 43.0438, GNorm = 0.0289, lr_0 = 3.3311e-04
Loss = 3.2237e-02, PNorm = 43.0553, GNorm = 0.0257, lr_0 = 3.3217e-04
Loss = 4.5384e-02, PNorm = 43.0647, GNorm = 0.0313, lr_0 = 3.3123e-04
Loss = 3.9169e-02, PNorm = 43.0955, GNorm = 0.0199, lr_0 = 3.3029e-04
Loss = 3.1163e-02, PNorm = 43.1209, GNorm = 0.0245, lr_0 = 3.2936e-04
Loss = 3.8127e-02, PNorm = 43.1279, GNorm = 0.0295, lr_0 = 3.2843e-04
Loss = 4.1593e-02, PNorm = 43.1339, GNorm = 0.0369, lr_0 = 3.2751e-04
Loss = 3.7724e-02, PNorm = 43.1427, GNorm = 0.0252, lr_0 = 3.2658e-04
Loss = 4.0344e-02, PNorm = 43.1549, GNorm = 0.0266, lr_0 = 3.2566e-04
Loss = 3.6865e-02, PNorm = 43.1739, GNorm = 0.0298, lr_0 = 3.2474e-04
Loss = 3.7271e-02, PNorm = 43.1938, GNorm = 0.0469, lr_0 = 3.2382e-04
Loss = 3.7862e-02, PNorm = 43.2094, GNorm = 0.0665, lr_0 = 3.2291e-04
Loss = 4.0560e-02, PNorm = 43.2135, GNorm = 0.0746, lr_0 = 3.2200e-04
Loss = 3.4253e-02, PNorm = 43.2362, GNorm = 0.0127, lr_0 = 3.2109e-04
Loss = 3.4417e-02, PNorm = 43.2491, GNorm = 0.0201, lr_0 = 3.2018e-04
Loss = 4.0831e-02, PNorm = 43.2678, GNorm = 0.0429, lr_0 = 3.1928e-04
Loss = 3.8802e-02, PNorm = 43.2800, GNorm = 0.0398, lr_0 = 3.1838e-04
Loss = 3.2931e-02, PNorm = 43.2900, GNorm = 0.0451, lr_0 = 3.1748e-04
Loss = 4.1597e-02, PNorm = 43.3079, GNorm = 0.0279, lr_0 = 3.1659e-04
Loss = 3.2605e-02, PNorm = 43.3237, GNorm = 0.0636, lr_0 = 3.1569e-04
Loss = 3.1846e-02, PNorm = 43.3346, GNorm = 0.0346, lr_0 = 3.1480e-04
Loss = 7.3242e-02, PNorm = 43.3350, GNorm = 0.0801, lr_0 = 3.1471e-04
Validation auc = 0.624529
Epoch 16
Loss = 3.2467e-02, PNorm = 43.3514, GNorm = 0.0394, lr_0 = 3.1382e-04
Loss = 3.5137e-02, PNorm = 43.3692, GNorm = 0.0249, lr_0 = 3.1294e-04
Loss = 3.5097e-02, PNorm = 43.3849, GNorm = 0.0358, lr_0 = 3.1206e-04
Loss = 3.3867e-02, PNorm = 43.4014, GNorm = 0.0554, lr_0 = 3.1117e-04
Loss = 2.9953e-02, PNorm = 43.4188, GNorm = 0.0262, lr_0 = 3.1030e-04
Loss = 3.6046e-02, PNorm = 43.4223, GNorm = 0.0343, lr_0 = 3.0942e-04
Loss = 5.0470e-02, PNorm = 43.4289, GNorm = 0.0575, lr_0 = 3.0855e-04
Loss = 3.7274e-02, PNorm = 43.4392, GNorm = 0.0205, lr_0 = 3.0768e-04
Loss = 2.7536e-02, PNorm = 43.4614, GNorm = 0.0518, lr_0 = 3.0681e-04
Loss = 4.5136e-02, PNorm = 43.4642, GNorm = 0.0279, lr_0 = 3.0594e-04
Loss = 3.6760e-02, PNorm = 43.4782, GNorm = 0.0281, lr_0 = 3.0508e-04
Loss = 3.8653e-02, PNorm = 43.4881, GNorm = 0.0344, lr_0 = 3.0422e-04
Loss = 4.0103e-02, PNorm = 43.5060, GNorm = 0.0238, lr_0 = 3.0336e-04
Loss = 4.2484e-02, PNorm = 43.5215, GNorm = 0.0538, lr_0 = 3.0250e-04
Loss = 3.2073e-02, PNorm = 43.5376, GNorm = 0.0194, lr_0 = 3.0165e-04
Loss = 3.4778e-02, PNorm = 43.5571, GNorm = 0.0228, lr_0 = 3.0080e-04
Loss = 3.6292e-02, PNorm = 43.5678, GNorm = 0.0330, lr_0 = 2.9995e-04
Loss = 4.2855e-02, PNorm = 43.5786, GNorm = 0.0251, lr_0 = 2.9910e-04
Loss = 3.8011e-02, PNorm = 43.5960, GNorm = 0.0180, lr_0 = 2.9826e-04
Loss = 3.3697e-02, PNorm = 43.6071, GNorm = 0.0198, lr_0 = 2.9742e-04
Loss = 3.1082e-02, PNorm = 43.6215, GNorm = 0.0186, lr_0 = 2.9658e-04
Loss = 3.9874e-02, PNorm = 43.6393, GNorm = 0.0835, lr_0 = 2.9574e-04
Loss = 3.5698e-02, PNorm = 43.6508, GNorm = 0.0336, lr_0 = 2.9491e-04
Loss = 3.1002e-02, PNorm = 43.6641, GNorm = 0.0248, lr_0 = 2.9408e-04
Loss = 3.8260e-02, PNorm = 43.6741, GNorm = 0.0729, lr_0 = 2.9325e-04
Loss = 3.3550e-02, PNorm = 43.6884, GNorm = 0.0185, lr_0 = 2.9242e-04
Loss = 3.1126e-02, PNorm = 43.6977, GNorm = 0.0211, lr_0 = 2.9159e-04
Loss = 3.5895e-02, PNorm = 43.7103, GNorm = 0.0381, lr_0 = 2.9077e-04
Loss = 4.1717e-02, PNorm = 43.7219, GNorm = 0.0340, lr_0 = 2.8995e-04
Validation auc = 0.629928
Epoch 17
Loss = 3.1015e-02, PNorm = 43.7393, GNorm = 0.0281, lr_0 = 2.8913e-04
Loss = 3.5506e-02, PNorm = 43.7550, GNorm = 0.0443, lr_0 = 2.8832e-04
Loss = 3.3613e-02, PNorm = 43.7732, GNorm = 0.0273, lr_0 = 2.8750e-04
Loss = 3.1737e-02, PNorm = 43.7884, GNorm = 0.0383, lr_0 = 2.8669e-04
Loss = 3.8028e-02, PNorm = 43.7957, GNorm = 0.0330, lr_0 = 2.8588e-04
Loss = 3.3399e-02, PNorm = 43.8109, GNorm = 0.0454, lr_0 = 2.8507e-04
Loss = 3.3827e-02, PNorm = 43.8163, GNorm = 0.0531, lr_0 = 2.8427e-04
Loss = 3.2434e-02, PNorm = 43.8306, GNorm = 0.0315, lr_0 = 2.8347e-04
Loss = 3.2432e-02, PNorm = 43.8405, GNorm = 0.0212, lr_0 = 2.8267e-04
Loss = 4.4305e-02, PNorm = 43.8470, GNorm = 0.0332, lr_0 = 2.8187e-04
Loss = 3.3593e-02, PNorm = 43.8650, GNorm = 0.0573, lr_0 = 2.8107e-04
Loss = 3.7631e-02, PNorm = 43.8677, GNorm = 0.0337, lr_0 = 2.8028e-04
Loss = 4.7563e-02, PNorm = 43.8812, GNorm = 0.0316, lr_0 = 2.7949e-04
Loss = 3.7308e-02, PNorm = 43.9014, GNorm = 0.0502, lr_0 = 2.7870e-04
Loss = 3.8957e-02, PNorm = 43.9098, GNorm = 0.0235, lr_0 = 2.7792e-04
Loss = 3.9059e-02, PNorm = 43.9238, GNorm = 0.0314, lr_0 = 2.7713e-04
Loss = 3.5550e-02, PNorm = 43.9415, GNorm = 0.0177, lr_0 = 2.7635e-04
Loss = 3.8447e-02, PNorm = 43.9466, GNorm = 0.0205, lr_0 = 2.7557e-04
Loss = 3.4805e-02, PNorm = 43.9645, GNorm = 0.0196, lr_0 = 2.7479e-04
Loss = 3.7636e-02, PNorm = 43.9782, GNorm = 0.0246, lr_0 = 2.7402e-04
Loss = 2.9825e-02, PNorm = 43.9933, GNorm = 0.0297, lr_0 = 2.7324e-04
Loss = 3.2621e-02, PNorm = 44.0066, GNorm = 0.0373, lr_0 = 2.7247e-04
Loss = 4.4505e-02, PNorm = 44.0207, GNorm = 0.0505, lr_0 = 2.7170e-04
Loss = 3.7279e-02, PNorm = 44.0408, GNorm = 0.0383, lr_0 = 2.7094e-04
Loss = 3.6058e-02, PNorm = 44.0512, GNorm = 0.0359, lr_0 = 2.7017e-04
Loss = 4.1990e-02, PNorm = 44.0634, GNorm = 0.0275, lr_0 = 2.6941e-04
Loss = 2.9335e-02, PNorm = 44.0760, GNorm = 0.0475, lr_0 = 2.6865e-04
Loss = 3.2251e-02, PNorm = 44.0787, GNorm = 0.0342, lr_0 = 2.6789e-04
Loss = 3.5842e-02, PNorm = 44.0812, GNorm = 0.0450, lr_0 = 2.6713e-04
Validation auc = 0.626866
Epoch 18
Loss = 3.7157e-02, PNorm = 44.0925, GNorm = 0.0492, lr_0 = 2.6631e-04
Loss = 3.3908e-02, PNorm = 44.1130, GNorm = 0.0337, lr_0 = 2.6555e-04
Loss = 3.5782e-02, PNorm = 44.1222, GNorm = 0.0244, lr_0 = 2.6480e-04
Loss = 3.7153e-02, PNorm = 44.1294, GNorm = 0.0354, lr_0 = 2.6406e-04
Loss = 4.0215e-02, PNorm = 44.1414, GNorm = 0.0320, lr_0 = 2.6331e-04
Loss = 3.1859e-02, PNorm = 44.1589, GNorm = 0.0271, lr_0 = 2.6257e-04
Loss = 3.1254e-02, PNorm = 44.1724, GNorm = 0.0248, lr_0 = 2.6183e-04
Loss = 3.6582e-02, PNorm = 44.1839, GNorm = 0.0259, lr_0 = 2.6109e-04
Loss = 3.5698e-02, PNorm = 44.1930, GNorm = 0.0441, lr_0 = 2.6035e-04
Loss = 4.2336e-02, PNorm = 44.2046, GNorm = 0.0262, lr_0 = 2.5962e-04
Loss = 3.9899e-02, PNorm = 44.2162, GNorm = 0.0245, lr_0 = 2.5889e-04
Loss = 3.2527e-02, PNorm = 44.2312, GNorm = 0.0607, lr_0 = 2.5815e-04
Loss = 3.2727e-02, PNorm = 44.2446, GNorm = 0.0275, lr_0 = 2.5743e-04
Loss = 3.6951e-02, PNorm = 44.2547, GNorm = 0.0327, lr_0 = 2.5670e-04
Loss = 3.3779e-02, PNorm = 44.2663, GNorm = 0.0347, lr_0 = 2.5598e-04
Loss = 3.7786e-02, PNorm = 44.2761, GNorm = 0.0509, lr_0 = 2.5525e-04
Loss = 3.5583e-02, PNorm = 44.2822, GNorm = 0.0239, lr_0 = 2.5453e-04
Loss = 3.9101e-02, PNorm = 44.2873, GNorm = 0.0338, lr_0 = 2.5381e-04
Loss = 3.1138e-02, PNorm = 44.3003, GNorm = 0.0213, lr_0 = 2.5310e-04
Loss = 3.5886e-02, PNorm = 44.3026, GNorm = 0.0338, lr_0 = 2.5238e-04
Loss = 4.4112e-02, PNorm = 44.3174, GNorm = 0.0369, lr_0 = 2.5167e-04
Loss = 3.2655e-02, PNorm = 44.3386, GNorm = 0.0342, lr_0 = 2.5096e-04
Loss = 3.3711e-02, PNorm = 44.3516, GNorm = 0.0528, lr_0 = 2.5025e-04
Loss = 4.0443e-02, PNorm = 44.3619, GNorm = 0.0340, lr_0 = 2.4955e-04
Loss = 2.8091e-02, PNorm = 44.3744, GNorm = 0.0284, lr_0 = 2.4884e-04
Loss = 3.7404e-02, PNorm = 44.3730, GNorm = 0.0297, lr_0 = 2.4814e-04
Loss = 3.0531e-02, PNorm = 44.3853, GNorm = 0.0574, lr_0 = 2.4744e-04
Loss = 3.6154e-02, PNorm = 44.3899, GNorm = 0.0407, lr_0 = 2.4674e-04
Loss = 3.9218e-02, PNorm = 44.4045, GNorm = 0.0343, lr_0 = 2.4605e-04
Validation auc = 0.619696
Epoch 19
Loss = 2.7850e-02, PNorm = 44.4228, GNorm = 0.0470, lr_0 = 2.4528e-04
Loss = 3.7833e-02, PNorm = 44.4354, GNorm = 0.0456, lr_0 = 2.4459e-04
Loss = 3.1255e-02, PNorm = 44.4446, GNorm = 0.0344, lr_0 = 2.4390e-04
Loss = 3.5777e-02, PNorm = 44.4495, GNorm = 0.0252, lr_0 = 2.4321e-04
Loss = 3.1135e-02, PNorm = 44.4611, GNorm = 0.0431, lr_0 = 2.4253e-04
Loss = 3.6747e-02, PNorm = 44.4719, GNorm = 0.0614, lr_0 = 2.4184e-04
Loss = 3.7619e-02, PNorm = 44.4865, GNorm = 0.0259, lr_0 = 2.4116e-04
Loss = 3.5693e-02, PNorm = 44.5028, GNorm = 0.0523, lr_0 = 2.4048e-04
Loss = 3.1921e-02, PNorm = 44.5123, GNorm = 0.0218, lr_0 = 2.3980e-04
Loss = 3.5285e-02, PNorm = 44.5206, GNorm = 0.0329, lr_0 = 2.3912e-04
Loss = 2.9545e-02, PNorm = 44.5392, GNorm = 0.0279, lr_0 = 2.3845e-04
Loss = 2.9804e-02, PNorm = 44.5457, GNorm = 0.0298, lr_0 = 2.3777e-04
Loss = 3.9263e-02, PNorm = 44.5522, GNorm = 0.0720, lr_0 = 2.3710e-04
Loss = 3.2042e-02, PNorm = 44.5683, GNorm = 0.0221, lr_0 = 2.3643e-04
Loss = 4.0277e-02, PNorm = 44.5689, GNorm = 0.0401, lr_0 = 2.3577e-04
Loss = 3.2472e-02, PNorm = 44.5860, GNorm = 0.0243, lr_0 = 2.3510e-04
Loss = 3.4998e-02, PNorm = 44.5952, GNorm = 0.0633, lr_0 = 2.3444e-04
Loss = 3.6623e-02, PNorm = 44.5995, GNorm = 0.0703, lr_0 = 2.3378e-04
Loss = 3.3902e-02, PNorm = 44.6203, GNorm = 0.0355, lr_0 = 2.3312e-04
Loss = 4.5663e-02, PNorm = 44.6241, GNorm = 0.0401, lr_0 = 2.3246e-04
Loss = 3.9320e-02, PNorm = 44.6369, GNorm = 0.0470, lr_0 = 2.3180e-04
Loss = 4.0232e-02, PNorm = 44.6493, GNorm = 0.0342, lr_0 = 2.3115e-04
Loss = 3.9808e-02, PNorm = 44.6647, GNorm = 0.0396, lr_0 = 2.3050e-04
Loss = 3.5017e-02, PNorm = 44.6799, GNorm = 0.0581, lr_0 = 2.2985e-04
Loss = 3.3542e-02, PNorm = 44.6852, GNorm = 0.0411, lr_0 = 2.2920e-04
Loss = 3.9387e-02, PNorm = 44.6931, GNorm = 0.0434, lr_0 = 2.2855e-04
Loss = 4.3606e-02, PNorm = 44.7056, GNorm = 0.0628, lr_0 = 2.2791e-04
Loss = 3.2411e-02, PNorm = 44.7171, GNorm = 0.0283, lr_0 = 2.2726e-04
Loss = 3.3943e-02, PNorm = 44.7209, GNorm = 0.0319, lr_0 = 2.2662e-04
Validation auc = 0.630338
Epoch 20
Loss = 3.9485e-02, PNorm = 44.7294, GNorm = 0.0282, lr_0 = 2.2598e-04
Loss = 4.6938e-02, PNorm = 44.7372, GNorm = 0.0690, lr_0 = 2.2534e-04
Loss = 3.5711e-02, PNorm = 44.7525, GNorm = 0.0193, lr_0 = 2.2471e-04
Loss = 3.3509e-02, PNorm = 44.7596, GNorm = 0.0265, lr_0 = 2.2407e-04
Loss = 3.4659e-02, PNorm = 44.7716, GNorm = 0.0454, lr_0 = 2.2344e-04
Loss = 3.8324e-02, PNorm = 44.7857, GNorm = 0.0556, lr_0 = 2.2281e-04
Loss = 4.1825e-02, PNorm = 44.7951, GNorm = 0.0996, lr_0 = 2.2218e-04
Loss = 3.4005e-02, PNorm = 44.8096, GNorm = 0.0286, lr_0 = 2.2156e-04
Loss = 3.3180e-02, PNorm = 44.8126, GNorm = 0.0370, lr_0 = 2.2093e-04
Loss = 3.2558e-02, PNorm = 44.8209, GNorm = 0.0360, lr_0 = 2.2031e-04
Loss = 2.9806e-02, PNorm = 44.8363, GNorm = 0.0337, lr_0 = 2.1969e-04
Loss = 3.4802e-02, PNorm = 44.8448, GNorm = 0.0472, lr_0 = 2.1907e-04
Loss = 2.9196e-02, PNorm = 44.8554, GNorm = 0.0642, lr_0 = 2.1845e-04
Loss = 3.1273e-02, PNorm = 44.8556, GNorm = 0.0329, lr_0 = 2.1783e-04
Loss = 4.0080e-02, PNorm = 44.8649, GNorm = 0.0461, lr_0 = 2.1722e-04
Loss = 3.3233e-02, PNorm = 44.8818, GNorm = 0.0308, lr_0 = 2.1660e-04
Loss = 3.2416e-02, PNorm = 44.8950, GNorm = 0.0318, lr_0 = 2.1599e-04
Loss = 4.0449e-02, PNorm = 44.9042, GNorm = 0.0394, lr_0 = 2.1538e-04
Loss = 3.9558e-02, PNorm = 44.9184, GNorm = 0.0332, lr_0 = 2.1477e-04
Loss = 2.7588e-02, PNorm = 44.9312, GNorm = 0.0681, lr_0 = 2.1417e-04
Loss = 3.4250e-02, PNorm = 44.9269, GNorm = 0.0419, lr_0 = 2.1356e-04
Loss = 3.7033e-02, PNorm = 44.9353, GNorm = 0.0827, lr_0 = 2.1296e-04
Loss = 3.2901e-02, PNorm = 44.9406, GNorm = 0.0267, lr_0 = 2.1236e-04
Loss = 3.7915e-02, PNorm = 44.9494, GNorm = 0.0272, lr_0 = 2.1176e-04
Loss = 4.0066e-02, PNorm = 44.9617, GNorm = 0.0392, lr_0 = 2.1116e-04
Loss = 3.8485e-02, PNorm = 44.9723, GNorm = 0.0321, lr_0 = 2.1057e-04
Loss = 3.5410e-02, PNorm = 44.9831, GNorm = 0.0393, lr_0 = 2.0997e-04
Loss = 3.0474e-02, PNorm = 44.9955, GNorm = 0.0387, lr_0 = 2.0938e-04
Loss = 3.0937e-02, PNorm = 45.0041, GNorm = 0.0353, lr_0 = 2.0879e-04
Validation auc = 0.633689
Epoch 21
Loss = 3.8971e-02, PNorm = 45.0139, GNorm = 0.0348, lr_0 = 2.0814e-04
Loss = 4.6205e-02, PNorm = 45.0243, GNorm = 0.0494, lr_0 = 2.0755e-04
Loss = 3.3164e-02, PNorm = 45.0398, GNorm = 0.0452, lr_0 = 2.0697e-04
Loss = 3.1112e-02, PNorm = 45.0493, GNorm = 0.0464, lr_0 = 2.0639e-04
Loss = 3.4881e-02, PNorm = 45.0561, GNorm = 0.0360, lr_0 = 2.0580e-04
Loss = 2.8623e-02, PNorm = 45.0666, GNorm = 0.0419, lr_0 = 2.0522e-04
Loss = 3.4070e-02, PNorm = 45.0746, GNorm = 0.0233, lr_0 = 2.0464e-04
Loss = 3.4926e-02, PNorm = 45.0807, GNorm = 0.0538, lr_0 = 2.0407e-04
Loss = 3.5131e-02, PNorm = 45.0872, GNorm = 0.0308, lr_0 = 2.0349e-04
Loss = 3.5713e-02, PNorm = 45.0963, GNorm = 0.0326, lr_0 = 2.0292e-04
Loss = 3.0552e-02, PNorm = 45.1076, GNorm = 0.0490, lr_0 = 2.0234e-04
Loss = 3.2506e-02, PNorm = 45.1110, GNorm = 0.0427, lr_0 = 2.0177e-04
Loss = 3.3467e-02, PNorm = 45.1166, GNorm = 0.0492, lr_0 = 2.0120e-04
Loss = 3.7239e-02, PNorm = 45.1259, GNorm = 0.0323, lr_0 = 2.0063e-04
Loss = 3.3531e-02, PNorm = 45.1357, GNorm = 0.0464, lr_0 = 2.0007e-04
Loss = 3.9628e-02, PNorm = 45.1441, GNorm = 0.0900, lr_0 = 1.9950e-04
Loss = 4.2293e-02, PNorm = 45.1553, GNorm = 0.0357, lr_0 = 1.9894e-04
Loss = 3.6243e-02, PNorm = 45.1608, GNorm = 0.0415, lr_0 = 1.9838e-04
Loss = 3.4391e-02, PNorm = 45.1716, GNorm = 0.0355, lr_0 = 1.9782e-04
Loss = 3.2130e-02, PNorm = 45.1768, GNorm = 0.0378, lr_0 = 1.9726e-04
Loss = 3.6590e-02, PNorm = 45.1880, GNorm = 0.0483, lr_0 = 1.9670e-04
Loss = 3.6624e-02, PNorm = 45.1961, GNorm = 0.0370, lr_0 = 1.9615e-04
Loss = 3.4917e-02, PNorm = 45.2103, GNorm = 0.0355, lr_0 = 1.9560e-04
Loss = 3.8856e-02, PNorm = 45.2193, GNorm = 0.0708, lr_0 = 1.9504e-04
Loss = 3.6236e-02, PNorm = 45.2279, GNorm = 0.0687, lr_0 = 1.9449e-04
Loss = 3.6406e-02, PNorm = 45.2354, GNorm = 0.0270, lr_0 = 1.9394e-04
Loss = 3.4964e-02, PNorm = 45.2442, GNorm = 0.0310, lr_0 = 1.9340e-04
Loss = 3.1806e-02, PNorm = 45.2536, GNorm = 0.0341, lr_0 = 1.9285e-04
Loss = 3.4800e-02, PNorm = 45.2606, GNorm = 0.0319, lr_0 = 1.9231e-04
Validation auc = 0.615274
Epoch 22
Loss = 2.5249e-02, PNorm = 45.2740, GNorm = 0.0301, lr_0 = 1.9171e-04
Loss = 3.4173e-02, PNorm = 45.2866, GNorm = 0.0331, lr_0 = 1.9117e-04
Loss = 3.5549e-02, PNorm = 45.3060, GNorm = 0.0445, lr_0 = 1.9063e-04
Loss = 3.2026e-02, PNorm = 45.3181, GNorm = 0.0472, lr_0 = 1.9009e-04
Loss = 3.7119e-02, PNorm = 45.3231, GNorm = 0.0919, lr_0 = 1.8956e-04
Loss = 3.3757e-02, PNorm = 45.3325, GNorm = 0.0364, lr_0 = 1.8902e-04
Loss = 3.2242e-02, PNorm = 45.3397, GNorm = 0.0296, lr_0 = 1.8849e-04
Loss = 3.1904e-02, PNorm = 45.3489, GNorm = 0.0351, lr_0 = 1.8796e-04
Loss = 3.1749e-02, PNorm = 45.3622, GNorm = 0.0326, lr_0 = 1.8743e-04
Loss = 3.6336e-02, PNorm = 45.3646, GNorm = 0.0741, lr_0 = 1.8690e-04
Loss = 3.8833e-02, PNorm = 45.3732, GNorm = 0.0428, lr_0 = 1.8637e-04
Loss = 3.4886e-02, PNorm = 45.3783, GNorm = 0.0287, lr_0 = 1.8584e-04
Loss = 3.5909e-02, PNorm = 45.3809, GNorm = 0.0547, lr_0 = 1.8532e-04
Loss = 3.9748e-02, PNorm = 45.3859, GNorm = 0.0330, lr_0 = 1.8480e-04
Loss = 3.6594e-02, PNorm = 45.3942, GNorm = 0.0702, lr_0 = 1.8427e-04
Loss = 3.3626e-02, PNorm = 45.4063, GNorm = 0.0394, lr_0 = 1.8375e-04
Loss = 3.2136e-02, PNorm = 45.4159, GNorm = 0.0342, lr_0 = 1.8324e-04
Loss = 3.2999e-02, PNorm = 45.4214, GNorm = 0.0774, lr_0 = 1.8272e-04
Loss = 3.8467e-02, PNorm = 45.4272, GNorm = 0.0467, lr_0 = 1.8220e-04
Loss = 3.3110e-02, PNorm = 45.4345, GNorm = 0.0425, lr_0 = 1.8169e-04
Loss = 3.4204e-02, PNorm = 45.4415, GNorm = 0.0381, lr_0 = 1.8118e-04
Loss = 4.2835e-02, PNorm = 45.4487, GNorm = 0.0354, lr_0 = 1.8066e-04
Loss = 3.0139e-02, PNorm = 45.4583, GNorm = 0.0343, lr_0 = 1.8015e-04
Loss = 3.5387e-02, PNorm = 45.4616, GNorm = 0.0539, lr_0 = 1.7965e-04
Loss = 3.7706e-02, PNorm = 45.4692, GNorm = 0.0422, lr_0 = 1.7914e-04
Loss = 3.7206e-02, PNorm = 45.4791, GNorm = 0.0553, lr_0 = 1.7863e-04
Loss = 3.9695e-02, PNorm = 45.4875, GNorm = 0.0350, lr_0 = 1.7813e-04
Loss = 3.5622e-02, PNorm = 45.4954, GNorm = 0.0492, lr_0 = 1.7763e-04
Loss = 2.8966e-02, PNorm = 45.5078, GNorm = 0.0497, lr_0 = 1.7713e-04
Validation auc = 0.630713
Epoch 23
Loss = 1.5369e-02, PNorm = 45.5109, GNorm = 0.0395, lr_0 = 1.7658e-04
Loss = 3.9705e-02, PNorm = 45.5149, GNorm = 0.0388, lr_0 = 1.7608e-04
Loss = 3.9704e-02, PNorm = 45.5259, GNorm = 0.0485, lr_0 = 1.7558e-04
Loss = 3.3678e-02, PNorm = 45.5391, GNorm = 0.0856, lr_0 = 1.7509e-04
Loss = 3.0055e-02, PNorm = 45.5492, GNorm = 0.0372, lr_0 = 1.7459e-04
Loss = 3.3720e-02, PNorm = 45.5533, GNorm = 0.0466, lr_0 = 1.7410e-04
Loss = 2.9549e-02, PNorm = 45.5629, GNorm = 0.0378, lr_0 = 1.7361e-04
Loss = 3.5505e-02, PNorm = 45.5682, GNorm = 0.0373, lr_0 = 1.7312e-04
Loss = 2.9426e-02, PNorm = 45.5772, GNorm = 0.0241, lr_0 = 1.7263e-04
Loss = 3.1897e-02, PNorm = 45.5798, GNorm = 0.0466, lr_0 = 1.7214e-04
Loss = 3.7184e-02, PNorm = 45.5868, GNorm = 0.0563, lr_0 = 1.7166e-04
Loss = 3.6180e-02, PNorm = 45.5944, GNorm = 0.0352, lr_0 = 1.7117e-04
Loss = 3.8135e-02, PNorm = 45.6036, GNorm = 0.0541, lr_0 = 1.7069e-04
Loss = 3.7019e-02, PNorm = 45.6134, GNorm = 0.0351, lr_0 = 1.7021e-04
Loss = 3.6777e-02, PNorm = 45.6248, GNorm = 0.0649, lr_0 = 1.6973e-04
Loss = 3.8779e-02, PNorm = 45.6320, GNorm = 0.0387, lr_0 = 1.6925e-04
Loss = 3.3250e-02, PNorm = 45.6375, GNorm = 0.0777, lr_0 = 1.6877e-04
Loss = 3.6145e-02, PNorm = 45.6402, GNorm = 0.0409, lr_0 = 1.6829e-04
Loss = 3.5487e-02, PNorm = 45.6503, GNorm = 0.0359, lr_0 = 1.6782e-04
Loss = 3.3315e-02, PNorm = 45.6580, GNorm = 0.0424, lr_0 = 1.6735e-04
Loss = 3.5373e-02, PNorm = 45.6660, GNorm = 0.0392, lr_0 = 1.6687e-04
Loss = 3.6583e-02, PNorm = 45.6714, GNorm = 0.0411, lr_0 = 1.6640e-04
Loss = 3.2632e-02, PNorm = 45.6780, GNorm = 0.0480, lr_0 = 1.6593e-04
Loss = 4.3913e-02, PNorm = 45.6781, GNorm = 0.0460, lr_0 = 1.6546e-04
Loss = 3.4400e-02, PNorm = 45.6885, GNorm = 0.0408, lr_0 = 1.6500e-04
Loss = 3.1414e-02, PNorm = 45.6997, GNorm = 0.0744, lr_0 = 1.6453e-04
Loss = 2.8509e-02, PNorm = 45.7065, GNorm = 0.0329, lr_0 = 1.6407e-04
Loss = 3.5187e-02, PNorm = 45.7108, GNorm = 0.0528, lr_0 = 1.6360e-04
Loss = 3.2096e-02, PNorm = 45.7180, GNorm = 0.0578, lr_0 = 1.6314e-04
Loss = 3.2893e-02, PNorm = 45.7243, GNorm = 0.0358, lr_0 = 1.6268e-04
Validation auc = 0.619819
Epoch 24
Loss = 3.7758e-02, PNorm = 45.7260, GNorm = 0.0329, lr_0 = 1.6222e-04
Loss = 3.4629e-02, PNorm = 45.7347, GNorm = 0.0404, lr_0 = 1.6177e-04
Loss = 3.7248e-02, PNorm = 45.7414, GNorm = 0.0625, lr_0 = 1.6131e-04
Loss = 3.1562e-02, PNorm = 45.7511, GNorm = 0.0509, lr_0 = 1.6085e-04
Loss = 3.7464e-02, PNorm = 45.7562, GNorm = 0.0376, lr_0 = 1.6040e-04
Loss = 3.5784e-02, PNorm = 45.7649, GNorm = 0.0402, lr_0 = 1.5995e-04
Loss = 3.0317e-02, PNorm = 45.7784, GNorm = 0.0312, lr_0 = 1.5950e-04
Loss = 3.6119e-02, PNorm = 45.7901, GNorm = 0.0402, lr_0 = 1.5905e-04
Loss = 3.9207e-02, PNorm = 45.7961, GNorm = 0.0738, lr_0 = 1.5860e-04
Loss = 3.1638e-02, PNorm = 45.8079, GNorm = 0.0775, lr_0 = 1.5815e-04
Loss = 3.3107e-02, PNorm = 45.8152, GNorm = 0.0703, lr_0 = 1.5770e-04
Loss = 3.7713e-02, PNorm = 45.8219, GNorm = 0.0599, lr_0 = 1.5726e-04
Loss = 3.4469e-02, PNorm = 45.8274, GNorm = 0.0591, lr_0 = 1.5681e-04
Loss = 3.6451e-02, PNorm = 45.8312, GNorm = 0.0410, lr_0 = 1.5637e-04
Loss = 2.9062e-02, PNorm = 45.8383, GNorm = 0.0406, lr_0 = 1.5593e-04
Loss = 3.7808e-02, PNorm = 45.8364, GNorm = 0.0582, lr_0 = 1.5549e-04
Loss = 3.3841e-02, PNorm = 45.8456, GNorm = 0.0367, lr_0 = 1.5505e-04
Loss = 3.1891e-02, PNorm = 45.8517, GNorm = 0.0281, lr_0 = 1.5461e-04
Loss = 3.1109e-02, PNorm = 45.8551, GNorm = 0.0364, lr_0 = 1.5418e-04
Loss = 3.7668e-02, PNorm = 45.8596, GNorm = 0.0375, lr_0 = 1.5374e-04
Loss = 3.7322e-02, PNorm = 45.8655, GNorm = 0.0788, lr_0 = 1.5331e-04
Loss = 4.0629e-02, PNorm = 45.8685, GNorm = 0.0417, lr_0 = 1.5288e-04
Loss = 3.0097e-02, PNorm = 45.8799, GNorm = 0.0423, lr_0 = 1.5244e-04
Loss = 3.1794e-02, PNorm = 45.8875, GNorm = 0.0410, lr_0 = 1.5201e-04
Loss = 2.8963e-02, PNorm = 45.8997, GNorm = 0.0482, lr_0 = 1.5159e-04
Loss = 3.9889e-02, PNorm = 45.9056, GNorm = 0.0510, lr_0 = 1.5116e-04
Loss = 3.3278e-02, PNorm = 45.9178, GNorm = 0.0378, lr_0 = 1.5073e-04
Loss = 3.2869e-02, PNorm = 45.9222, GNorm = 0.0402, lr_0 = 1.5031e-04
Loss = 3.7531e-02, PNorm = 45.9245, GNorm = 0.0457, lr_0 = 1.4988e-04
Validation auc = 0.619677
Epoch 25
Loss = 3.0385e-02, PNorm = 45.9345, GNorm = 0.0494, lr_0 = 1.4942e-04
Loss = 3.3718e-02, PNorm = 45.9404, GNorm = 0.0458, lr_0 = 1.4899e-04
Loss = 3.6676e-02, PNorm = 45.9500, GNorm = 0.0460, lr_0 = 1.4857e-04
Loss = 3.1263e-02, PNorm = 45.9581, GNorm = 0.0329, lr_0 = 1.4816e-04
Loss = 3.8183e-02, PNorm = 45.9649, GNorm = 0.0370, lr_0 = 1.4774e-04
Loss = 3.7465e-02, PNorm = 45.9706, GNorm = 0.0361, lr_0 = 1.4732e-04
Loss = 3.1445e-02, PNorm = 45.9754, GNorm = 0.1079, lr_0 = 1.4690e-04
Loss = 3.1639e-02, PNorm = 45.9821, GNorm = 0.0611, lr_0 = 1.4649e-04
Loss = 3.5914e-02, PNorm = 45.9895, GNorm = 0.0493, lr_0 = 1.4608e-04
Loss = 3.8025e-02, PNorm = 45.9934, GNorm = 0.0523, lr_0 = 1.4566e-04
Loss = 3.7084e-02, PNorm = 45.9993, GNorm = 0.0590, lr_0 = 1.4525e-04
Loss = 3.8160e-02, PNorm = 46.0060, GNorm = 0.0334, lr_0 = 1.4484e-04
Loss = 2.7410e-02, PNorm = 46.0122, GNorm = 0.0536, lr_0 = 1.4443e-04
Loss = 3.3843e-02, PNorm = 46.0174, GNorm = 0.0441, lr_0 = 1.4403e-04
Loss = 2.8903e-02, PNorm = 46.0257, GNorm = 0.0338, lr_0 = 1.4362e-04
Loss = 3.2658e-02, PNorm = 46.0311, GNorm = 0.0394, lr_0 = 1.4322e-04
Loss = 3.2746e-02, PNorm = 46.0377, GNorm = 0.0381, lr_0 = 1.4281e-04
Loss = 3.2592e-02, PNorm = 46.0418, GNorm = 0.0345, lr_0 = 1.4241e-04
Loss = 3.9322e-02, PNorm = 46.0451, GNorm = 0.0689, lr_0 = 1.4201e-04
Loss = 3.2143e-02, PNorm = 46.0538, GNorm = 0.0367, lr_0 = 1.4161e-04
Loss = 3.0977e-02, PNorm = 46.0599, GNorm = 0.0429, lr_0 = 1.4121e-04
Loss = 3.0353e-02, PNorm = 46.0651, GNorm = 0.0422, lr_0 = 1.4081e-04
Loss = 3.3693e-02, PNorm = 46.0709, GNorm = 0.0446, lr_0 = 1.4041e-04
Loss = 3.7404e-02, PNorm = 46.0738, GNorm = 0.0801, lr_0 = 1.4001e-04
Loss = 4.2004e-02, PNorm = 46.0784, GNorm = 0.0972, lr_0 = 1.3962e-04
Loss = 3.3959e-02, PNorm = 46.0846, GNorm = 0.0430, lr_0 = 1.3922e-04
Loss = 3.5479e-02, PNorm = 46.0887, GNorm = 0.0475, lr_0 = 1.3883e-04
Loss = 3.4673e-02, PNorm = 46.0938, GNorm = 0.0632, lr_0 = 1.3844e-04
Loss = 3.7428e-02, PNorm = 46.1002, GNorm = 0.0867, lr_0 = 1.3805e-04
Validation auc = 0.618730
Epoch 26
Loss = 4.0861e-02, PNorm = 46.1087, GNorm = 0.0456, lr_0 = 1.3762e-04
Loss = 2.6116e-02, PNorm = 46.1199, GNorm = 0.0507, lr_0 = 1.3723e-04
Loss = 2.9666e-02, PNorm = 46.1268, GNorm = 0.0435, lr_0 = 1.3685e-04
Loss = 4.0367e-02, PNorm = 46.1280, GNorm = 0.0517, lr_0 = 1.3646e-04
Loss = 3.9069e-02, PNorm = 46.1350, GNorm = 0.0366, lr_0 = 1.3607e-04
Loss = 2.9176e-02, PNorm = 46.1428, GNorm = 0.0343, lr_0 = 1.3569e-04
Loss = 3.2429e-02, PNorm = 46.1489, GNorm = 0.0414, lr_0 = 1.3531e-04
Loss = 3.5572e-02, PNorm = 46.1533, GNorm = 0.0534, lr_0 = 1.3493e-04
Loss = 3.8314e-02, PNorm = 46.1572, GNorm = 0.0596, lr_0 = 1.3454e-04
Loss = 2.7039e-02, PNorm = 46.1640, GNorm = 0.0318, lr_0 = 1.3416e-04
Loss = 3.2330e-02, PNorm = 46.1692, GNorm = 0.0435, lr_0 = 1.3379e-04
Loss = 4.0518e-02, PNorm = 46.1721, GNorm = 0.0680, lr_0 = 1.3341e-04
Loss = 3.5309e-02, PNorm = 46.1801, GNorm = 0.0274, lr_0 = 1.3303e-04
Loss = 3.3360e-02, PNorm = 46.1854, GNorm = 0.0412, lr_0 = 1.3266e-04
Loss = 3.7947e-02, PNorm = 46.1891, GNorm = 0.0580, lr_0 = 1.3228e-04
Loss = 3.5143e-02, PNorm = 46.1972, GNorm = 0.0412, lr_0 = 1.3191e-04
Loss = 3.0570e-02, PNorm = 46.2043, GNorm = 0.0353, lr_0 = 1.3154e-04
Loss = 3.5691e-02, PNorm = 46.2097, GNorm = 0.0375, lr_0 = 1.3117e-04
Loss = 3.1311e-02, PNorm = 46.2162, GNorm = 0.0481, lr_0 = 1.3080e-04
Loss = 3.3397e-02, PNorm = 46.2216, GNorm = 0.0500, lr_0 = 1.3043e-04
Loss = 3.1896e-02, PNorm = 46.2296, GNorm = 0.0550, lr_0 = 1.3006e-04
Loss = 3.2148e-02, PNorm = 46.2347, GNorm = 0.0404, lr_0 = 1.2969e-04
Loss = 3.2433e-02, PNorm = 46.2370, GNorm = 0.0432, lr_0 = 1.2933e-04
Loss = 3.5576e-02, PNorm = 46.2403, GNorm = 0.0520, lr_0 = 1.2896e-04
Loss = 3.3047e-02, PNorm = 46.2471, GNorm = 0.0445, lr_0 = 1.2860e-04
Loss = 3.3104e-02, PNorm = 46.2525, GNorm = 0.0469, lr_0 = 1.2823e-04
Loss = 3.4408e-02, PNorm = 46.2567, GNorm = 0.1027, lr_0 = 1.2787e-04
Loss = 3.7910e-02, PNorm = 46.2626, GNorm = 0.0599, lr_0 = 1.2751e-04
Loss = 3.7826e-02, PNorm = 46.2711, GNorm = 0.0515, lr_0 = 1.2715e-04
Validation auc = 0.611519
Epoch 27
Loss = 3.5866e-02, PNorm = 46.2771, GNorm = 0.0637, lr_0 = 1.2679e-04
Loss = 3.8765e-02, PNorm = 46.2831, GNorm = 0.0482, lr_0 = 1.2643e-04
Loss = 3.4980e-02, PNorm = 46.2919, GNorm = 0.0303, lr_0 = 1.2608e-04
Loss = 3.1581e-02, PNorm = 46.2984, GNorm = 0.0505, lr_0 = 1.2572e-04
Loss = 3.4014e-02, PNorm = 46.3010, GNorm = 0.0418, lr_0 = 1.2537e-04
Loss = 3.2302e-02, PNorm = 46.3069, GNorm = 0.0630, lr_0 = 1.2501e-04
Loss = 2.9990e-02, PNorm = 46.3103, GNorm = 0.0412, lr_0 = 1.2466e-04
Loss = 3.6249e-02, PNorm = 46.3116, GNorm = 0.0468, lr_0 = 1.2431e-04
Loss = 3.8078e-02, PNorm = 46.3177, GNorm = 0.0541, lr_0 = 1.2396e-04
Loss = 3.5670e-02, PNorm = 46.3224, GNorm = 0.0417, lr_0 = 1.2361e-04
Loss = 2.5831e-02, PNorm = 46.3322, GNorm = 0.0603, lr_0 = 1.2326e-04
Loss = 3.4145e-02, PNorm = 46.3344, GNorm = 0.0583, lr_0 = 1.2291e-04
Loss = 3.6356e-02, PNorm = 46.3407, GNorm = 0.0625, lr_0 = 1.2256e-04
Loss = 3.4454e-02, PNorm = 46.3455, GNorm = 0.0494, lr_0 = 1.2222e-04
Loss = 3.1064e-02, PNorm = 46.3518, GNorm = 0.0677, lr_0 = 1.2187e-04
Loss = 2.8270e-02, PNorm = 46.3564, GNorm = 0.0539, lr_0 = 1.2153e-04
Loss = 3.6388e-02, PNorm = 46.3608, GNorm = 0.0716, lr_0 = 1.2119e-04
Loss = 3.1524e-02, PNorm = 46.3651, GNorm = 0.0440, lr_0 = 1.2085e-04
Loss = 3.4079e-02, PNorm = 46.3708, GNorm = 0.0399, lr_0 = 1.2050e-04
Loss = 3.3713e-02, PNorm = 46.3746, GNorm = 0.0535, lr_0 = 1.2016e-04
Loss = 2.7536e-02, PNorm = 46.3830, GNorm = 0.0527, lr_0 = 1.1982e-04
Loss = 3.3815e-02, PNorm = 46.3863, GNorm = 0.0421, lr_0 = 1.1949e-04
Loss = 3.1665e-02, PNorm = 46.3879, GNorm = 0.0397, lr_0 = 1.1915e-04
Loss = 3.4609e-02, PNorm = 46.3938, GNorm = 0.0487, lr_0 = 1.1881e-04
Loss = 4.0340e-02, PNorm = 46.3996, GNorm = 0.0415, lr_0 = 1.1848e-04
Loss = 3.1353e-02, PNorm = 46.4086, GNorm = 0.0503, lr_0 = 1.1814e-04
Loss = 3.6541e-02, PNorm = 46.4105, GNorm = 0.0373, lr_0 = 1.1781e-04
Loss = 3.8125e-02, PNorm = 46.4164, GNorm = 0.0703, lr_0 = 1.1748e-04
Loss = 3.2672e-02, PNorm = 46.4249, GNorm = 0.0548, lr_0 = 1.1715e-04
Validation auc = 0.623379
Epoch 28
Loss = 3.7581e-02, PNorm = 46.4286, GNorm = 0.0628, lr_0 = 1.1678e-04
Loss = 3.7051e-02, PNorm = 46.4372, GNorm = 0.0456, lr_0 = 1.1645e-04
Loss = 3.5468e-02, PNorm = 46.4434, GNorm = 0.0589, lr_0 = 1.1612e-04
Loss = 2.7613e-02, PNorm = 46.4533, GNorm = 0.0370, lr_0 = 1.1580e-04
Loss = 3.2290e-02, PNorm = 46.4567, GNorm = 0.0535, lr_0 = 1.1547e-04
Loss = 3.5147e-02, PNorm = 46.4624, GNorm = 0.0508, lr_0 = 1.1514e-04
Loss = 3.4782e-02, PNorm = 46.4666, GNorm = 0.0421, lr_0 = 1.1482e-04
Loss = 3.3124e-02, PNorm = 46.4694, GNorm = 0.0564, lr_0 = 1.1450e-04
Loss = 3.7763e-02, PNorm = 46.4735, GNorm = 0.0575, lr_0 = 1.1417e-04
Loss = 2.9797e-02, PNorm = 46.4799, GNorm = 0.0355, lr_0 = 1.1385e-04
Loss = 3.8605e-02, PNorm = 46.4814, GNorm = 0.0678, lr_0 = 1.1353e-04
Loss = 3.0796e-02, PNorm = 46.4856, GNorm = 0.0385, lr_0 = 1.1321e-04
Loss = 3.5780e-02, PNorm = 46.4914, GNorm = 0.0553, lr_0 = 1.1289e-04
Loss = 3.2352e-02, PNorm = 46.4965, GNorm = 0.0864, lr_0 = 1.1257e-04
Loss = 3.4728e-02, PNorm = 46.5003, GNorm = 0.0399, lr_0 = 1.1225e-04
Loss = 3.0800e-02, PNorm = 46.5071, GNorm = 0.0551, lr_0 = 1.1194e-04
Loss = 3.9790e-02, PNorm = 46.5095, GNorm = 0.0784, lr_0 = 1.1162e-04
Loss = 3.4257e-02, PNorm = 46.5147, GNorm = 0.0353, lr_0 = 1.1130e-04
Loss = 3.5860e-02, PNorm = 46.5174, GNorm = 0.0371, lr_0 = 1.1099e-04
Loss = 3.2608e-02, PNorm = 46.5229, GNorm = 0.0479, lr_0 = 1.1068e-04
Loss = 3.2650e-02, PNorm = 46.5277, GNorm = 0.0449, lr_0 = 1.1037e-04
Loss = 3.0501e-02, PNorm = 46.5337, GNorm = 0.0453, lr_0 = 1.1005e-04
Loss = 3.3485e-02, PNorm = 46.5370, GNorm = 0.0446, lr_0 = 1.0974e-04
Loss = 3.3050e-02, PNorm = 46.5416, GNorm = 0.0614, lr_0 = 1.0943e-04
Loss = 3.2312e-02, PNorm = 46.5467, GNorm = 0.0394, lr_0 = 1.0912e-04
Loss = 3.3729e-02, PNorm = 46.5520, GNorm = 0.0440, lr_0 = 1.0882e-04
Loss = 3.1889e-02, PNorm = 46.5577, GNorm = 0.0490, lr_0 = 1.0851e-04
Loss = 2.7054e-02, PNorm = 46.5650, GNorm = 0.0563, lr_0 = 1.0820e-04
Loss = 3.6854e-02, PNorm = 46.5690, GNorm = 0.0423, lr_0 = 1.0790e-04
Validation auc = 0.631838
Epoch 29
Loss = 2.6747e-02, PNorm = 46.5749, GNorm = 0.0605, lr_0 = 1.0756e-04
Loss = 3.3606e-02, PNorm = 46.5797, GNorm = 0.0457, lr_0 = 1.0726e-04
Loss = 4.0050e-02, PNorm = 46.5799, GNorm = 0.0519, lr_0 = 1.0696e-04
Loss = 4.0053e-02, PNorm = 46.5871, GNorm = 0.0495, lr_0 = 1.0666e-04
Loss = 3.7532e-02, PNorm = 46.5922, GNorm = 0.0503, lr_0 = 1.0635e-04
Loss = 2.9924e-02, PNorm = 46.5976, GNorm = 0.0454, lr_0 = 1.0605e-04
Loss = 3.8385e-02, PNorm = 46.6010, GNorm = 0.0501, lr_0 = 1.0575e-04
Loss = 3.4955e-02, PNorm = 46.6075, GNorm = 0.0851, lr_0 = 1.0546e-04
Loss = 3.4280e-02, PNorm = 46.6126, GNorm = 0.0453, lr_0 = 1.0516e-04
Loss = 3.0528e-02, PNorm = 46.6184, GNorm = 0.0363, lr_0 = 1.0486e-04
Loss = 3.3572e-02, PNorm = 46.6223, GNorm = 0.0382, lr_0 = 1.0457e-04
Loss = 3.4915e-02, PNorm = 46.6256, GNorm = 0.0553, lr_0 = 1.0427e-04
Loss = 3.1343e-02, PNorm = 46.6328, GNorm = 0.0595, lr_0 = 1.0398e-04
Loss = 2.7826e-02, PNorm = 46.6365, GNorm = 0.0390, lr_0 = 1.0368e-04
Loss = 2.9643e-02, PNorm = 46.6400, GNorm = 0.0390, lr_0 = 1.0339e-04
Loss = 2.9447e-02, PNorm = 46.6451, GNorm = 0.0495, lr_0 = 1.0310e-04
Loss = 2.6353e-02, PNorm = 46.6502, GNorm = 0.0578, lr_0 = 1.0281e-04
Loss = 2.7299e-02, PNorm = 46.6534, GNorm = 0.0384, lr_0 = 1.0252e-04
Loss = 3.2314e-02, PNorm = 46.6559, GNorm = 0.0536, lr_0 = 1.0223e-04
Loss = 3.2959e-02, PNorm = 46.6597, GNorm = 0.0474, lr_0 = 1.0194e-04
Loss = 3.7151e-02, PNorm = 46.6635, GNorm = 0.0518, lr_0 = 1.0165e-04
Loss = 3.1405e-02, PNorm = 46.6692, GNorm = 0.0613, lr_0 = 1.0137e-04
Loss = 3.1624e-02, PNorm = 46.6712, GNorm = 0.0383, lr_0 = 1.0108e-04
Loss = 3.1624e-02, PNorm = 46.6740, GNorm = 0.0492, lr_0 = 1.0079e-04
Loss = 3.5855e-02, PNorm = 46.6789, GNorm = 0.0538, lr_0 = 1.0051e-04
Loss = 3.5915e-02, PNorm = 46.6846, GNorm = 0.0936, lr_0 = 1.0023e-04
Loss = 3.4426e-02, PNorm = 46.6917, GNorm = 0.0447, lr_0 = 1.0000e-04
Loss = 3.6504e-02, PNorm = 46.6945, GNorm = 0.0760, lr_0 = 1.0000e-04
Loss = 3.9396e-02, PNorm = 46.6982, GNorm = 0.0910, lr_0 = 1.0000e-04
Validation auc = 0.621150
Model 0 best validation auc = 0.644887 on epoch 13
Loading pretrained parameter "encoder.encoder.0.cached_zero_vector".
Loading pretrained parameter "encoder.encoder.0.W_i.weight".
Loading pretrained parameter "encoder.encoder.0.W_h.weight".
Loading pretrained parameter "encoder.encoder.0.W_o.weight".
Loading pretrained parameter "encoder.encoder.0.W_o.bias".
Loading pretrained parameter "ffn.1.weight".
Loading pretrained parameter "ffn.1.bias".
Loading pretrained parameter "ffn.4.weight".
Loading pretrained parameter "ffn.4.bias".
Moving model to cuda
Model 0 test auc = 0.630754
Ensemble test auc = 0.630754
1-fold cross validation
	Seed 0 ==> test auc = 0.630754
Overall test auc = 0.630754 +/- 0.000000
Elapsed time = 2:29:26
