Command line
python /home/ian/anaconda3/envs/chemprop/bin/chemprop_train --data_path data/interim/augmented_data/SMILES_to_Activity.csv --dataset_type classification --save_dir models/augmented_data/default_run/
Args
{'activation': 'ReLU',
 'adding_h': False,
 'aggregation': 'mean',
 'aggregation_norm': 100,
 'alternative_loss_function': None,
 'atom_descriptor_scaling': True,
 'atom_descriptors': None,
 'atom_descriptors_path': None,
 'atom_descriptors_size': 0,
 'atom_features_size': 0,
 'atom_messages': False,
 'batch_size': 50,
 'bias': False,
 'bond_feature_scaling': True,
 'bond_features_path': None,
 'bond_features_size': 0,
 'cache_cutoff': 10000,
 'checkpoint_dir': None,
 'checkpoint_frzn': None,
 'checkpoint_path': None,
 'checkpoint_paths': None,
 'class_balance': False,
 'config_path': None,
 'crossval_index_dir': None,
 'crossval_index_file': None,
 'crossval_index_sets': None,
 'cuda': True,
 'data_path': 'data/interim/augmented_data/SMILES_to_Activity.csv',
 'data_weights_path': None,
 'dataset_type': 'classification',
 'depth': 3,
 'device': device(type='cuda'),
 'dropout': 0.0,
 'empty_cache': False,
 'ensemble_size': 1,
 'epochs': 30,
 'explicit_h': False,
 'extra_metrics': [],
 'features_generator': None,
 'features_only': False,
 'features_path': None,
 'features_scaling': True,
 'features_size': None,
 'ffn_hidden_size': 300,
 'ffn_num_layers': 2,
 'final_lr': 0.0001,
 'folds_file': None,
 'freeze_first_only': False,
 'frzn_ffn_layers': 0,
 'gpu': None,
 'grad_clip': None,
 'hidden_size': 300,
 'ignore_columns': None,
 'init_lr': 0.0001,
 'log_frequency': 10,
 'max_data_size': None,
 'max_lr': 0.001,
 'metric': 'auc',
 'metrics': ['auc'],
 'minimize_score': False,
 'mpn_shared': False,
 'multiclass_num_classes': 3,
 'no_atom_descriptor_scaling': False,
 'no_bond_features_scaling': False,
 'no_cache_mol': False,
 'no_cuda': False,
 'no_features_scaling': False,
 'num_folds': 1,
 'num_lrs': 1,
 'num_tasks': 1,
 'num_workers': 8,
 'number_of_molecules': 1,
 'overwrite_default_atom_features': False,
 'overwrite_default_bond_features': False,
 'phase_features_path': None,
 'pytorch_seed': 0,
 'quiet': False,
 'reaction': False,
 'reaction_mode': 'reac_diff',
 'resume_experiment': False,
 'save_dir': 'models/augmented_data/default_run/',
 'save_preds': False,
 'save_smiles_splits': False,
 'seed': 0,
 'separate_test_atom_descriptors_path': None,
 'separate_test_bond_features_path': None,
 'separate_test_features_path': None,
 'separate_test_path': None,
 'separate_test_phase_features_path': None,
 'separate_val_atom_descriptors_path': None,
 'separate_val_bond_features_path': None,
 'separate_val_features_path': None,
 'separate_val_path': None,
 'separate_val_phase_features_path': None,
 'show_individual_scores': False,
 'smiles_columns': ['SMILES'],
 'spectra_activation': 'exp',
 'spectra_phase_mask_path': None,
 'spectra_target_floor': 1e-08,
 'split_key_molecule': 0,
 'split_sizes': (0.8, 0.1, 0.1),
 'split_type': 'random',
 'target_columns': None,
 'target_weights': None,
 'task_names': ['PUBCHEM_ACTIVITY_OUTCOME'],
 'test': False,
 'test_fold_index': None,
 'train_data_size': None,
 'undirected': False,
 'use_input_features': False,
 'val_fold_index': None,
 'warmup_epochs': 2.0}
Setting molecule featurization parameters to default.
Loading data
Number of tasks = 1
Fold 0
Splitting data with seed 0
Class sizes
PUBCHEM_ACTIVITY_OUTCOME 0: 89.99%, 1: 10.01%
Total size = 4,266 | train size = 3,412 | val size = 427 | test size = 427
Building model 0
MoleculeModel(
  (sigmoid): Sigmoid()
  (encoder): MPN(
    (encoder): ModuleList(
      (0): MPNEncoder(
        (dropout_layer): Dropout(p=0.0, inplace=False)
        (act_func): ReLU()
        (W_i): Linear(in_features=147, out_features=300, bias=False)
        (W_h): Linear(in_features=300, out_features=300, bias=False)
        (W_o): Linear(in_features=433, out_features=300, bias=True)
      )
    )
  )
  (ffn): Sequential(
    (0): Dropout(p=0.0, inplace=False)
    (1): Linear(in_features=300, out_features=300, bias=True)
    (2): ReLU()
    (3): Dropout(p=0.0, inplace=False)
    (4): Linear(in_features=300, out_features=1, bias=True)
  )
)
Number of parameters = 355,201
Moving model to cuda
Epoch 0
Loss = 4.8134e-01, PNorm = 34.0156, GNorm = 0.5871, lr_0 = 1.7279e-04
Loss = 3.2840e-01, PNorm = 34.0219, GNorm = 1.1076, lr_0 = 2.3897e-04
Loss = 3.3846e-01, PNorm = 34.0218, GNorm = 0.2947, lr_0 = 3.0515e-04
Loss = 3.1195e-01, PNorm = 34.0303, GNorm = 1.0464, lr_0 = 3.7132e-04
Loss = 2.9901e-01, PNorm = 34.0400, GNorm = 0.4496, lr_0 = 4.3750e-04
Loss = 2.8906e-01, PNorm = 34.0586, GNorm = 0.5773, lr_0 = 5.0368e-04
Validation auc = 0.818757
Epoch 1
Loss = 3.0620e-01, PNorm = 34.0886, GNorm = 0.8938, lr_0 = 5.7647e-04
Loss = 2.8266e-01, PNorm = 34.1156, GNorm = 0.3684, lr_0 = 6.4265e-04
Loss = 2.7200e-01, PNorm = 34.1514, GNorm = 1.1551, lr_0 = 7.0882e-04
Loss = 2.9403e-01, PNorm = 34.1765, GNorm = 0.3635, lr_0 = 7.7500e-04
Loss = 2.4905e-01, PNorm = 34.2264, GNorm = 1.1526, lr_0 = 8.4118e-04
Loss = 2.5556e-01, PNorm = 34.2723, GNorm = 0.4811, lr_0 = 9.0735e-04
Loss = 2.7429e-01, PNorm = 34.3180, GNorm = 1.1789, lr_0 = 9.7353e-04
Validation auc = 0.858063
Epoch 2
Loss = 2.0810e-01, PNorm = 34.4002, GNorm = 0.2553, lr_0 = 9.9157e-04
Loss = 2.7608e-01, PNorm = 34.4743, GNorm = 0.5885, lr_0 = 9.7965e-04
Loss = 2.4600e-01, PNorm = 34.5489, GNorm = 1.0319, lr_0 = 9.6788e-04
Loss = 2.1060e-01, PNorm = 34.6267, GNorm = 0.6536, lr_0 = 9.5624e-04
Loss = 2.5162e-01, PNorm = 34.6999, GNorm = 0.7637, lr_0 = 9.4475e-04
Loss = 2.3523e-01, PNorm = 34.7739, GNorm = 0.2976, lr_0 = 9.3339e-04
Loss = 2.8232e-01, PNorm = 34.8448, GNorm = 0.4721, lr_0 = 9.2217e-04
Validation auc = 0.867021
Epoch 3
Loss = 2.4479e-01, PNorm = 34.9345, GNorm = 0.7041, lr_0 = 9.0998e-04
Loss = 2.3257e-01, PNorm = 35.0287, GNorm = 0.2061, lr_0 = 8.9905e-04
Loss = 1.9322e-01, PNorm = 35.1178, GNorm = 0.8441, lr_0 = 8.8824e-04
Loss = 1.9997e-01, PNorm = 35.1762, GNorm = 0.4752, lr_0 = 8.7756e-04
Loss = 2.5735e-01, PNorm = 35.2417, GNorm = 0.9659, lr_0 = 8.6701e-04
Loss = 2.0897e-01, PNorm = 35.2962, GNorm = 0.2003, lr_0 = 8.5659e-04
Loss = 2.4142e-01, PNorm = 35.3473, GNorm = 0.3987, lr_0 = 8.4629e-04
Validation auc = 0.896193
Epoch 4
Loss = 2.0610e-01, PNorm = 35.4095, GNorm = 0.1882, lr_0 = 8.3511e-04
Loss = 2.2610e-01, PNorm = 35.4700, GNorm = 0.1939, lr_0 = 8.2507e-04
Loss = 1.7216e-01, PNorm = 35.5253, GNorm = 0.2583, lr_0 = 8.1515e-04
Loss = 1.9685e-01, PNorm = 35.5822, GNorm = 0.2822, lr_0 = 8.0536e-04
Loss = 1.6122e-01, PNorm = 35.6420, GNorm = 0.8127, lr_0 = 7.9567e-04
Loss = 2.3250e-01, PNorm = 35.6943, GNorm = 0.3775, lr_0 = 7.8611e-04
Loss = 2.1790e-01, PNorm = 35.7306, GNorm = 0.6728, lr_0 = 7.7666e-04
Validation auc = 0.911310
Epoch 5
Loss = 1.7593e-01, PNorm = 35.7893, GNorm = 0.5989, lr_0 = 7.6732e-04
Loss = 1.9339e-01, PNorm = 35.8313, GNorm = 0.2672, lr_0 = 7.5810e-04
Loss = 2.0070e-01, PNorm = 35.8870, GNorm = 0.3519, lr_0 = 7.4899e-04
Loss = 2.1284e-01, PNorm = 35.9344, GNorm = 0.2989, lr_0 = 7.3998e-04
Loss = 2.0927e-01, PNorm = 36.0041, GNorm = 0.2508, lr_0 = 7.3109e-04
Loss = 1.9107e-01, PNorm = 36.0678, GNorm = 0.3576, lr_0 = 7.2230e-04
Validation auc = 0.908623
Epoch 6
Loss = 1.6524e-01, PNorm = 36.1238, GNorm = 0.8068, lr_0 = 7.1276e-04
Loss = 2.0725e-01, PNorm = 36.2065, GNorm = 0.6853, lr_0 = 7.0419e-04
Loss = 1.9877e-01, PNorm = 36.2503, GNorm = 0.5738, lr_0 = 6.9572e-04
Loss = 1.8106e-01, PNorm = 36.3115, GNorm = 0.4770, lr_0 = 6.8736e-04
Loss = 1.4155e-01, PNorm = 36.3642, GNorm = 0.5542, lr_0 = 6.7910e-04
Loss = 1.8978e-01, PNorm = 36.4047, GNorm = 0.4038, lr_0 = 6.7094e-04
Loss = 1.7633e-01, PNorm = 36.4459, GNorm = 0.3948, lr_0 = 6.6287e-04
Validation auc = 0.901064
Epoch 7
Loss = 1.1759e-01, PNorm = 36.4946, GNorm = 0.1834, lr_0 = 6.5411e-04
Loss = 1.6291e-01, PNorm = 36.5298, GNorm = 0.2654, lr_0 = 6.4625e-04
Loss = 1.9878e-01, PNorm = 36.5878, GNorm = 0.6806, lr_0 = 6.3848e-04
Loss = 1.7558e-01, PNorm = 36.6440, GNorm = 0.5683, lr_0 = 6.3080e-04
Loss = 2.2411e-01, PNorm = 36.6987, GNorm = 0.3210, lr_0 = 6.2322e-04
Loss = 1.7236e-01, PNorm = 36.7478, GNorm = 0.2560, lr_0 = 6.1573e-04
Loss = 1.4055e-01, PNorm = 36.7927, GNorm = 0.1429, lr_0 = 6.0833e-04
Validation auc = 0.906159
Epoch 8
Loss = 1.6766e-01, PNorm = 36.8224, GNorm = 0.3808, lr_0 = 6.0029e-04
Loss = 1.7825e-01, PNorm = 36.8604, GNorm = 0.5399, lr_0 = 5.9307e-04
Loss = 1.4308e-01, PNorm = 36.9117, GNorm = 0.2273, lr_0 = 5.8595e-04
Loss = 1.5447e-01, PNorm = 36.9474, GNorm = 0.9001, lr_0 = 5.7890e-04
Loss = 1.6883e-01, PNorm = 36.9982, GNorm = 0.6105, lr_0 = 5.7194e-04
Loss = 2.1263e-01, PNorm = 37.0290, GNorm = 0.6613, lr_0 = 5.6507e-04
Loss = 1.9943e-01, PNorm = 37.0607, GNorm = 0.5738, lr_0 = 5.5828e-04
Validation auc = 0.923292
Epoch 9
Loss = 1.4622e-01, PNorm = 37.1093, GNorm = 0.1577, lr_0 = 5.5156e-04
Loss = 1.9306e-01, PNorm = 37.1352, GNorm = 0.6491, lr_0 = 5.4493e-04
Loss = 1.5069e-01, PNorm = 37.1828, GNorm = 0.2619, lr_0 = 5.3838e-04
Loss = 1.5077e-01, PNorm = 37.2221, GNorm = 0.3816, lr_0 = 5.3191e-04
Loss = 1.7381e-01, PNorm = 37.2705, GNorm = 0.2440, lr_0 = 5.2552e-04
Loss = 1.4731e-01, PNorm = 37.3041, GNorm = 0.2861, lr_0 = 5.1920e-04
Loss = 1.8998e-01, PNorm = 37.3276, GNorm = 0.4222, lr_0 = 5.1296e-04
Validation auc = 0.917749
Epoch 10
Loss = 2.1060e-01, PNorm = 37.3994, GNorm = 1.2195, lr_0 = 5.0618e-04
Loss = 1.7665e-01, PNorm = 37.4332, GNorm = 0.5929, lr_0 = 5.0010e-04
Loss = 1.5248e-01, PNorm = 37.4797, GNorm = 0.4062, lr_0 = 4.9409e-04
Loss = 1.8127e-01, PNorm = 37.5106, GNorm = 0.2900, lr_0 = 4.8815e-04
Loss = 1.5544e-01, PNorm = 37.5596, GNorm = 0.4509, lr_0 = 4.8228e-04
Loss = 1.5553e-01, PNorm = 37.6004, GNorm = 0.3387, lr_0 = 4.7648e-04
Loss = 1.5063e-01, PNorm = 37.6295, GNorm = 0.3164, lr_0 = 4.7075e-04
Loss = 1.5843e-01, PNorm = 37.6323, GNorm = 1.0026, lr_0 = 4.7019e-04
Validation auc = 0.926876
Epoch 11
Loss = 1.5527e-01, PNorm = 37.6636, GNorm = 0.5740, lr_0 = 4.6453e-04
Loss = 1.4706e-01, PNorm = 37.7101, GNorm = 0.3812, lr_0 = 4.5895e-04
Loss = 1.6288e-01, PNorm = 37.7411, GNorm = 0.5232, lr_0 = 4.5343e-04
Loss = 1.4398e-01, PNorm = 37.7857, GNorm = 0.5257, lr_0 = 4.4798e-04
Loss = 1.6273e-01, PNorm = 37.8176, GNorm = 0.6590, lr_0 = 4.4260e-04
Loss = 1.5736e-01, PNorm = 37.8496, GNorm = 0.4030, lr_0 = 4.3728e-04
Validation auc = 0.926596
Epoch 12
Loss = 6.4277e-02, PNorm = 37.8811, GNorm = 0.2687, lr_0 = 4.3150e-04
Loss = 1.2496e-01, PNorm = 37.9190, GNorm = 0.4164, lr_0 = 4.2631e-04
Loss = 1.5011e-01, PNorm = 37.9599, GNorm = 0.4255, lr_0 = 4.2119e-04
Loss = 1.5834e-01, PNorm = 37.9885, GNorm = 0.5427, lr_0 = 4.1612e-04
Loss = 1.5696e-01, PNorm = 38.0205, GNorm = 0.6562, lr_0 = 4.1112e-04
Loss = 1.2710e-01, PNorm = 38.0588, GNorm = 0.3820, lr_0 = 4.0618e-04
Loss = 1.7099e-01, PNorm = 38.0872, GNorm = 0.2791, lr_0 = 4.0130e-04
Validation auc = 0.929395
Epoch 13
Loss = 1.7354e-01, PNorm = 38.1175, GNorm = 0.2416, lr_0 = 3.9647e-04
Loss = 1.3039e-01, PNorm = 38.1520, GNorm = 0.7747, lr_0 = 3.9171e-04
Loss = 1.2287e-01, PNorm = 38.1947, GNorm = 0.3796, lr_0 = 3.8700e-04
Loss = 1.7613e-01, PNorm = 38.2168, GNorm = 1.1314, lr_0 = 3.8235e-04
Loss = 1.3921e-01, PNorm = 38.2524, GNorm = 0.4098, lr_0 = 3.7775e-04
Loss = 1.7201e-01, PNorm = 38.2696, GNorm = 0.4194, lr_0 = 3.7321e-04
Loss = 1.8196e-01, PNorm = 38.2986, GNorm = 0.8672, lr_0 = 3.6872e-04
Validation auc = 0.926484
Epoch 14
Loss = 9.7231e-02, PNorm = 38.3411, GNorm = 0.2820, lr_0 = 3.6385e-04
Loss = 1.6953e-01, PNorm = 38.3578, GNorm = 0.3688, lr_0 = 3.5948e-04
Loss = 1.5952e-01, PNorm = 38.3915, GNorm = 0.7890, lr_0 = 3.5516e-04
Loss = 1.6107e-01, PNorm = 38.4199, GNorm = 0.2855, lr_0 = 3.5089e-04
Loss = 1.2622e-01, PNorm = 38.4510, GNorm = 0.5628, lr_0 = 3.4667e-04
Loss = 1.0422e-01, PNorm = 38.4761, GNorm = 0.5098, lr_0 = 3.4250e-04
Loss = 1.5265e-01, PNorm = 38.5038, GNorm = 0.4323, lr_0 = 3.3839e-04
Validation auc = 0.924468
Epoch 15
Loss = 7.7912e-02, PNorm = 38.5459, GNorm = 0.3367, lr_0 = 3.3391e-04
Loss = 1.5743e-01, PNorm = 38.5662, GNorm = 0.8185, lr_0 = 3.2990e-04
Loss = 1.2483e-01, PNorm = 38.6008, GNorm = 0.9571, lr_0 = 3.2593e-04
Loss = 1.6384e-01, PNorm = 38.6153, GNorm = 1.1947, lr_0 = 3.2202e-04
Loss = 1.3588e-01, PNorm = 38.6413, GNorm = 0.4994, lr_0 = 3.1815e-04
Loss = 1.4710e-01, PNorm = 38.6562, GNorm = 0.4736, lr_0 = 3.1432e-04
Loss = 1.3383e-01, PNorm = 38.6809, GNorm = 0.6028, lr_0 = 3.1054e-04
Validation auc = 0.933539
Epoch 16
Loss = 1.2204e-01, PNorm = 38.7096, GNorm = 0.3922, lr_0 = 3.0644e-04
Loss = 1.1792e-01, PNorm = 38.7375, GNorm = 0.7035, lr_0 = 3.0276e-04
Loss = 1.4282e-01, PNorm = 38.7642, GNorm = 0.2926, lr_0 = 2.9912e-04
Loss = 1.2615e-01, PNorm = 38.7895, GNorm = 0.5372, lr_0 = 2.9552e-04
Loss = 1.1987e-01, PNorm = 38.8212, GNorm = 0.3587, lr_0 = 2.9197e-04
Loss = 1.5889e-01, PNorm = 38.8321, GNorm = 0.7516, lr_0 = 2.8846e-04
Loss = 1.1477e-01, PNorm = 38.8563, GNorm = 0.4278, lr_0 = 2.8499e-04
Validation auc = 0.924972
Epoch 17
Loss = 1.6340e-01, PNorm = 38.8731, GNorm = 0.2479, lr_0 = 2.8157e-04
Loss = 1.3701e-01, PNorm = 38.8961, GNorm = 0.7813, lr_0 = 2.7818e-04
Loss = 8.5283e-02, PNorm = 38.9193, GNorm = 0.5950, lr_0 = 2.7484e-04
Loss = 1.9034e-01, PNorm = 38.9307, GNorm = 0.7540, lr_0 = 2.7153e-04
Loss = 8.2194e-02, PNorm = 38.9521, GNorm = 0.4148, lr_0 = 2.6827e-04
Loss = 1.4925e-01, PNorm = 38.9602, GNorm = 0.7953, lr_0 = 2.6504e-04
Validation auc = 0.931187
Epoch 18
Loss = 6.0483e-02, PNorm = 38.9954, GNorm = 0.2547, lr_0 = 2.6154e-04
Loss = 1.1910e-01, PNorm = 39.0195, GNorm = 0.2745, lr_0 = 2.5840e-04
Loss = 1.4695e-01, PNorm = 39.0319, GNorm = 0.4514, lr_0 = 2.5529e-04
Loss = 1.0970e-01, PNorm = 39.0566, GNorm = 0.3845, lr_0 = 2.5222e-04
Loss = 1.0295e-01, PNorm = 39.0785, GNorm = 0.4140, lr_0 = 2.4919e-04
Loss = 1.3330e-01, PNorm = 39.1044, GNorm = 0.7078, lr_0 = 2.4620e-04
Loss = 1.3833e-01, PNorm = 39.1240, GNorm = 0.6546, lr_0 = 2.4324e-04
Validation auc = 0.930963
Epoch 19
Loss = 1.3246e-01, PNorm = 39.1428, GNorm = 0.5859, lr_0 = 2.4002e-04
Loss = 1.1258e-01, PNorm = 39.1647, GNorm = 0.4577, lr_0 = 2.3714e-04
Loss = 1.4683e-01, PNorm = 39.1855, GNorm = 0.3137, lr_0 = 2.3429e-04
Loss = 1.2805e-01, PNorm = 39.2036, GNorm = 0.3572, lr_0 = 2.3147e-04
Loss = 1.1115e-01, PNorm = 39.2200, GNorm = 0.4875, lr_0 = 2.2869e-04
Loss = 1.2568e-01, PNorm = 39.2306, GNorm = 1.0828, lr_0 = 2.2594e-04
Loss = 9.7380e-02, PNorm = 39.2504, GNorm = 0.4285, lr_0 = 2.2322e-04
Validation auc = 0.933931
Epoch 20
Loss = 1.1943e-01, PNorm = 39.2738, GNorm = 0.5934, lr_0 = 2.2027e-04
Loss = 1.1175e-01, PNorm = 39.2907, GNorm = 0.4413, lr_0 = 2.1763e-04
Loss = 1.2114e-01, PNorm = 39.3069, GNorm = 0.4077, lr_0 = 2.1501e-04
Loss = 1.0851e-01, PNorm = 39.3228, GNorm = 0.8532, lr_0 = 2.1243e-04
Loss = 1.3483e-01, PNorm = 39.3428, GNorm = 0.2796, lr_0 = 2.0987e-04
Loss = 1.2612e-01, PNorm = 39.3514, GNorm = 0.5964, lr_0 = 2.0735e-04
Loss = 9.3387e-02, PNorm = 39.3743, GNorm = 0.5121, lr_0 = 2.0486e-04
Validation auc = 0.934434
Epoch 21
Loss = 9.5787e-02, PNorm = 39.3890, GNorm = 0.6488, lr_0 = 2.0239e-04
Loss = 9.9439e-02, PNorm = 39.3986, GNorm = 0.4664, lr_0 = 1.9996e-04
Loss = 9.2011e-02, PNorm = 39.4183, GNorm = 0.1757, lr_0 = 1.9756e-04
Loss = 1.7709e-01, PNorm = 39.4278, GNorm = 0.4693, lr_0 = 1.9518e-04
Loss = 1.5177e-01, PNorm = 39.4484, GNorm = 0.4189, lr_0 = 1.9284e-04
Loss = 7.8095e-02, PNorm = 39.4671, GNorm = 0.5339, lr_0 = 1.9052e-04
Loss = 9.4449e-02, PNorm = 39.4799, GNorm = 0.7683, lr_0 = 1.8823e-04
Validation auc = 0.933595
Epoch 22
Loss = 9.8655e-02, PNorm = 39.4966, GNorm = 0.5310, lr_0 = 1.8574e-04
Loss = 9.3819e-02, PNorm = 39.5174, GNorm = 0.2452, lr_0 = 1.8351e-04
Loss = 9.3847e-02, PNorm = 39.5331, GNorm = 0.7478, lr_0 = 1.8130e-04
Loss = 1.4359e-01, PNorm = 39.5477, GNorm = 0.4934, lr_0 = 1.7912e-04
Loss = 1.0719e-01, PNorm = 39.5650, GNorm = 0.4709, lr_0 = 1.7697e-04
Loss = 1.3553e-01, PNorm = 39.5750, GNorm = 0.5327, lr_0 = 1.7484e-04
Validation auc = 0.933819
Epoch 23
Loss = 1.6641e-01, PNorm = 39.5897, GNorm = 0.7197, lr_0 = 1.7253e-04
Loss = 1.0189e-01, PNorm = 39.6013, GNorm = 0.4854, lr_0 = 1.7046e-04
Loss = 1.2100e-01, PNorm = 39.6152, GNorm = 0.4465, lr_0 = 1.6841e-04
Loss = 1.2871e-01, PNorm = 39.6297, GNorm = 0.4666, lr_0 = 1.6638e-04
Loss = 9.8350e-02, PNorm = 39.6466, GNorm = 0.7314, lr_0 = 1.6438e-04
Loss = 8.8848e-02, PNorm = 39.6620, GNorm = 0.6300, lr_0 = 1.6241e-04
Loss = 9.3011e-02, PNorm = 39.6762, GNorm = 0.6816, lr_0 = 1.6046e-04
Validation auc = 0.933875
Epoch 24
Loss = 1.2118e-01, PNorm = 39.6834, GNorm = 0.4494, lr_0 = 1.5834e-04
Loss = 1.0795e-01, PNorm = 39.7037, GNorm = 0.6069, lr_0 = 1.5643e-04
Loss = 9.7716e-02, PNorm = 39.7149, GNorm = 0.6878, lr_0 = 1.5455e-04
Loss = 1.1067e-01, PNorm = 39.7267, GNorm = 0.4172, lr_0 = 1.5269e-04
Loss = 9.0116e-02, PNorm = 39.7364, GNorm = 0.4664, lr_0 = 1.5086e-04
Loss = 8.2201e-02, PNorm = 39.7455, GNorm = 0.4912, lr_0 = 1.4905e-04
Loss = 1.3695e-01, PNorm = 39.7581, GNorm = 0.4036, lr_0 = 1.4725e-04
Validation auc = 0.932979
Epoch 25
Loss = 6.2053e-02, PNorm = 39.7676, GNorm = 0.2844, lr_0 = 1.4548e-04
Loss = 1.2229e-01, PNorm = 39.7767, GNorm = 0.7381, lr_0 = 1.4374e-04
Loss = 1.0922e-01, PNorm = 39.7872, GNorm = 0.6653, lr_0 = 1.4201e-04
Loss = 9.7500e-02, PNorm = 39.7995, GNorm = 1.2652, lr_0 = 1.4030e-04
Loss = 1.0177e-01, PNorm = 39.8145, GNorm = 0.5908, lr_0 = 1.3861e-04
Loss = 9.1856e-02, PNorm = 39.8236, GNorm = 0.2045, lr_0 = 1.3695e-04
Loss = 1.0904e-01, PNorm = 39.8327, GNorm = 0.5279, lr_0 = 1.3530e-04
Validation auc = 0.935162
Epoch 26
Loss = 5.4621e-02, PNorm = 39.8460, GNorm = 0.1381, lr_0 = 1.3351e-04
Loss = 7.3612e-02, PNorm = 39.8541, GNorm = 0.5219, lr_0 = 1.3191e-04
Loss = 7.7696e-02, PNorm = 39.8620, GNorm = 0.9324, lr_0 = 1.3032e-04
Loss = 8.6229e-02, PNorm = 39.8738, GNorm = 0.6354, lr_0 = 1.2876e-04
Loss = 1.5146e-01, PNorm = 39.8829, GNorm = 0.6151, lr_0 = 1.2721e-04
Loss = 1.0168e-01, PNorm = 39.8982, GNorm = 0.4382, lr_0 = 1.2568e-04
Loss = 1.3319e-01, PNorm = 39.9052, GNorm = 1.0223, lr_0 = 1.2417e-04
Validation auc = 0.931523
Epoch 27
Loss = 8.1520e-02, PNorm = 39.9158, GNorm = 0.3776, lr_0 = 1.2253e-04
Loss = 9.8352e-02, PNorm = 39.9255, GNorm = 0.8579, lr_0 = 1.2106e-04
Loss = 8.9088e-02, PNorm = 39.9332, GNorm = 0.5986, lr_0 = 1.1960e-04
Loss = 1.2754e-01, PNorm = 39.9409, GNorm = 0.8102, lr_0 = 1.1816e-04
Loss = 9.2710e-02, PNorm = 39.9524, GNorm = 0.8792, lr_0 = 1.1674e-04
Loss = 9.3373e-02, PNorm = 39.9623, GNorm = 0.3648, lr_0 = 1.1534e-04
Loss = 9.1543e-02, PNorm = 39.9678, GNorm = 0.5248, lr_0 = 1.1395e-04
Loss = 5.3370e-02, PNorm = 39.9689, GNorm = 1.0525, lr_0 = 1.1381e-04
Validation auc = 0.931019
Epoch 28
Loss = 1.0068e-01, PNorm = 39.9795, GNorm = 0.8502, lr_0 = 1.1245e-04
Loss = 1.0271e-01, PNorm = 39.9883, GNorm = 0.7664, lr_0 = 1.1109e-04
Loss = 8.7506e-02, PNorm = 40.0025, GNorm = 0.9273, lr_0 = 1.0976e-04
Loss = 8.0187e-02, PNorm = 40.0071, GNorm = 0.4115, lr_0 = 1.0844e-04
Loss = 7.7094e-02, PNorm = 40.0160, GNorm = 0.4656, lr_0 = 1.0714e-04
Loss = 9.5110e-02, PNorm = 40.0261, GNorm = 0.2699, lr_0 = 1.0585e-04
Validation auc = 0.929731
Epoch 29
Loss = 5.9411e-02, PNorm = 40.0321, GNorm = 0.4048, lr_0 = 1.0445e-04
Loss = 8.8431e-02, PNorm = 40.0397, GNorm = 1.3902, lr_0 = 1.0319e-04
Loss = 8.9172e-02, PNorm = 40.0458, GNorm = 1.0147, lr_0 = 1.0195e-04
Loss = 8.8166e-02, PNorm = 40.0528, GNorm = 0.8033, lr_0 = 1.0073e-04
Loss = 7.8382e-02, PNorm = 40.0611, GNorm = 0.4166, lr_0 = 1.0000e-04
Loss = 9.1082e-02, PNorm = 40.0690, GNorm = 0.4606, lr_0 = 1.0000e-04
Loss = 9.1056e-02, PNorm = 40.0788, GNorm = 0.8135, lr_0 = 1.0000e-04
Validation auc = 0.930683
Model 0 best validation auc = 0.935162 on epoch 25
Loading pretrained parameter "encoder.encoder.0.cached_zero_vector".
Loading pretrained parameter "encoder.encoder.0.W_i.weight".
Loading pretrained parameter "encoder.encoder.0.W_h.weight".
Loading pretrained parameter "encoder.encoder.0.W_o.weight".
Loading pretrained parameter "encoder.encoder.0.W_o.bias".
Loading pretrained parameter "ffn.1.weight".
Loading pretrained parameter "ffn.1.bias".
Loading pretrained parameter "ffn.4.weight".
Loading pretrained parameter "ffn.4.bias".
Moving model to cuda
Model 0 test auc = 0.942714
Ensemble test auc = 0.942714
1-fold cross validation
	Seed 0 ==> test auc = 0.942714
Overall test auc = 0.942714 +/- 0.000000
Elapsed time = 0:01:37
